{
  "stats": {
    "suites": 1,
    "tests": 1,
    "passes": 1,
    "pending": 0,
    "failures": 0,
    "start": "2026-08-20T20:02:26.953Z",
    "end": "2026-08-20T20:02:34.175Z",
    "duration": 7222,
    "testsRegistered": 1,
    "passPercent": 100,
    "pendingPercent": 0,
    "other": 0,
    "hasOther": false,
    "skipped": 0,
    "hasSkipped": false
  },
  "results": [
    {
      "uuid": "3f60b50c-0456-4655-8f5b-19f410f287f5",
      "title": "",
      "fullFile": "cypress\\e2e\\article.cy.ts",
      "file": "cypress\\e2e\\article.cy.ts",
      "beforeHooks": [],
      "afterHooks": [],
      "tests": [],
      "suites": [
        {
          "uuid": "9170f70b-ced4-4109-9e57-a6ac75aee0e5",
          "title": "Gestion des articles",
          "fullFile": "",
          "file": "",
          "beforeHooks": [],
          "afterHooks": [],
          "tests": [
            {
              "title": "should navigate to create article page",
              "fullTitle": "Gestion des articles should navigate to create article page",
              "timedOut": null,
              "duration": 5252,
              "state": "passed",
              "speed": "medium",
              "pass": true,
              "fail": false,
              "pending": false,
              "context": null,
              "code": "cy.visit('/article/create');\ncy.url().should('include', '/article/create');\ncy.contains('h1', 'Créer un nouvel article').should('be.visible');",
              "err": {},
              "uuid": "1b2424e7-1599-4645-aeed-321d0278460c",
              "parentUUID": "9170f70b-ced4-4109-9e57-a6ac75aee0e5",
              "isHook": false,
              "skipped": false
            }
          ],
          "suites": [],
          "passes": [
            "1b2424e7-1599-4645-aeed-321d0278460c"
          ],
          "failures": [],
          "pending": [],
          "skipped": [],
          "duration": 5252,
          "root": false,
          "rootEmpty": false,
          "_timeout": 2000
        }
      ],
      "passes": [],
      "failures": [],
      "pending": [],
      "skipped": [],
      "duration": 0,
      "root": true,
      "rootEmpty": true,
      "_timeout": 2000
    }
  ],
  "meta": {
    "mocha": {
      "version": "7.2.0"
    },
    "mochawesome": {
      "options": {
        "quiet": false,
        "reportFilename": "mochawesome",
        "saveHtml": false,
        "saveJson": true,
        "consoleReporter": "spec",
        "useInlineDiffs": false,
        "code": true
      },
      "version": "8.0.1"
    },
    "marge": {
      "options": {
        "reportDir": "cypress/reports/mochawesome",
        "overwrite": false,
        "html": false,
        "json": true
      },
      "version": "6.3.2"
    }
  }
}