{
  "stats": {
    "suites": 1,
    "tests": 6,
    "passes": 6,
    "pending": 0,
    "failures": 0,
    "start": "2026-08-20T20:02:50.800Z",
    "end": "2026-08-20T20:02:59.443Z",
    "duration": 8643,
    "testsRegistered": 6,
    "passPercent": 100,
    "pendingPercent": 0,
    "other": 0,
    "hasOther": false,
    "skipped": 0,
    "hasSkipped": false
  },
  "results": [
    {
      "uuid": "eb2b358d-17e9-4466-a48b-fb0bb831050a",
      "title": "",
      "fullFile": "cypress\\e2e\\feed.cy.ts",
      "file": "cypress\\e2e\\feed.cy.ts",
      "beforeHooks": [],
      "afterHooks": [],
      "tests": [],
      "suites": [
        {
          "uuid": "cb5748fb-366a-491a-a6b9-e9e0e4af2392",
          "title": "Fil d'actualité",
          "fullFile": "",
          "file": "",
          "beforeHooks": [],
          "afterHooks": [],
          "tests": [
            {
              "title": "should display feed with articles",
              "fullTitle": "Fil d'actualité should display feed with articles",
              "timedOut": null,
              "duration": 2046,
              "state": "passed",
              "speed": "fast",
              "pass": true,
              "fail": false,
              "pending": false,
              "context": null,
              "code": "cy.contains('Articles').should('be.visible');\ncy.get('.article-card').should('exist');",
              "err": {},
              "uuid": "e413727b-935b-4296-a45a-ac738a707e6a",
              "parentUUID": "cb5748fb-366a-491a-a6b9-e9e0e4af2392",
              "isHook": false,
              "skipped": false
            },
            {
              "title": "should display article title, author and date",
              "fullTitle": "Fil d'actualité should display article title, author and date",
              "timedOut": null,
              "duration": 960,
              "state": "passed",
              "speed": "fast",
              "pass": true,
              "fail": false,
              "pending": false,
              "context": null,
              "code": "cy.get('.article-card').first().within(() => {\n    cy.get('h2').should('be.visible'); // Titre\n    cy.get('.article-info').should('be.visible'); // Auteur + Date\n});",
              "err": {},
              "uuid": "c157ded5-22f0-44c9-862f-a40c7211629b",
              "parentUUID": "cb5748fb-366a-491a-a6b9-e9e0e4af2392",
              "isHook": false,
              "skipped": false
            },
            {
              "title": "should be able to sort articles",
              "fullTitle": "Fil d'actualité should be able to sort articles",
              "timedOut": null,
              "duration": 1033,
              "state": "passed",
              "speed": "fast",
              "pass": true,
              "fail": false,
              "pending": false,
              "context": null,
              "code": "// Vérifier que le bouton de tri est présent et cliquable\ncy.contains('Trier par').should('be.visible').click();\ncy.get('.sort-container mat-icon').should('exist');",
              "err": {},
              "uuid": "16801f05-dd54-4700-bd31-42ee2d4a02d3",
              "parentUUID": "cb5748fb-366a-491a-a6b9-e9e0e4af2392",
              "isHook": false,
              "skipped": false
            },
            {
              "title": "should navigate to article detail on click",
              "fullTitle": "Fil d'actualité should navigate to article detail on click",
              "timedOut": null,
              "duration": 975,
              "state": "passed",
              "speed": "fast",
              "pass": true,
              "fail": false,
              "pending": false,
              "context": null,
              "code": "cy.get('.article-card').first().click();\ncy.url().should('include', '/article/');",
              "err": {},
              "uuid": "01bb8f35-9234-448d-993a-860bf6358bc5",
              "parentUUID": "cb5748fb-366a-491a-a6b9-e9e0e4af2392",
              "isHook": false,
              "skipped": false
            },
            {
              "title": "should display \"Créer un article\" button",
              "fullTitle": "Fil d'actualité should display \"Créer un article\" button",
              "timedOut": null,
              "duration": 817,
              "state": "passed",
              "speed": "fast",
              "pass": true,
              "fail": false,
              "pending": false,
              "context": null,
              "code": "cy.contains('Créer un article').should('be.visible');",
              "err": {},
              "uuid": "670e611c-0c44-47e9-8715-490c10f884ce",
              "parentUUID": "cb5748fb-366a-491a-a6b9-e9e0e4af2392",
              "isHook": false,
              "skipped": false
            },
            {
              "title": "should navigate to create article page",
              "fullTitle": "Fil d'actualité should navigate to create article page",
              "timedOut": null,
              "duration": 991,
              "state": "passed",
              "speed": "fast",
              "pass": true,
              "fail": false,
              "pending": false,
              "context": null,
              "code": "cy.contains('Créer un article').click();\ncy.url().should('include', '/article/create');",
              "err": {},
              "uuid": "4c998840-fae7-4dda-a077-d35ff1b13bba",
              "parentUUID": "cb5748fb-366a-491a-a6b9-e9e0e4af2392",
              "isHook": false,
              "skipped": false
            }
          ],
          "suites": [],
          "passes": [
            "e413727b-935b-4296-a45a-ac738a707e6a",
            "c157ded5-22f0-44c9-862f-a40c7211629b",
            "16801f05-dd54-4700-bd31-42ee2d4a02d3",
            "01bb8f35-9234-448d-993a-860bf6358bc5",
            "670e611c-0c44-47e9-8715-490c10f884ce",
            "4c998840-fae7-4dda-a077-d35ff1b13bba"
          ],
          "failures": [],
          "pending": [],
          "skipped": [],
          "duration": 6822,
          "root": false,
          "rootEmpty": false,
          "_timeout": 2000
        }
      ],
      "passes": [],
      "failures": [],
      "pending": [],
      "skipped": [],
      "duration": 0,
      "root": true,
      "rootEmpty": true,
      "_timeout": 2000
    }
  ],
  "meta": {
    "mocha": {
      "version": "7.2.0"
    },
    "mochawesome": {
      "options": {
        "quiet": false,
        "reportFilename": "mochawesome",
        "saveHtml": false,
        "saveJson": true,
        "consoleReporter": "spec",
        "useInlineDiffs": false,
        "code": true
      },
      "version": "8.0.1"
    },
    "marge": {
      "options": {
        "reportDir": "cypress/reports/mochawesome",
        "overwrite": false,
        "html": false,
        "json": true
      },
      "version": "6.3.2"
    }
  }
}