{
  "stats": {
    "suites": 1,
    "tests": 5,
    "passes": 5,
    "pending": 0,
    "failures": 0,
    "start": "2026-08-20T20:03:11.858Z",
    "end": "2026-08-20T20:03:21.408Z",
    "duration": 9550,
    "testsRegistered": 5,
    "passPercent": 100,
    "pendingPercent": 0,
    "other": 0,
    "hasOther": false,
    "skipped": 0,
    "hasSkipped": false
  },
  "results": [
    {
      "uuid": "fb64633b-947a-45fa-bb13-bdcf123c9739",
      "title": "",
      "fullFile": "cypress\\e2e\\profile-edit.cy.ts",
      "file": "cypress\\e2e\\profile-edit.cy.ts",
      "beforeHooks": [],
      "afterHooks": [],
      "tests": [],
      "suites": [
        {
          "uuid": "f0195fa5-51b2-4e9f-9caa-413a00eea898",
          "title": "Modification du profil",
          "fullFile": "",
          "file": "",
          "beforeHooks": [],
          "afterHooks": [],
          "tests": [
            {
              "title": "affiche le formulaire de modification",
              "fullTitle": "Modification du profil affiche le formulaire de modification",
              "timedOut": null,
              "duration": 1778,
              "state": "passed",
              "speed": "fast",
              "pass": true,
              "fail": false,
              "pending": false,
              "context": null,
              "code": "cy.contains('Modifier le profil').should('be.visible');\ncy.get('input[formcontrolname=\"username\"]').should('be.visible');\ncy.get('input[formcontrolname=\"email\"]').should('be.visible');",
              "err": {},
              "uuid": "a6b4b065-bd86-4084-83c8-28d5e12fba2d",
              "parentUUID": "f0195fa5-51b2-4e9f-9caa-413a00eea898",
              "isHook": false,
              "skipped": false
            },
            {
              "title": "affiche les valeurs actuelles du profil",
              "fullTitle": "Modification du profil affiche les valeurs actuelles du profil",
              "timedOut": null,
              "duration": 1142,
              "state": "passed",
              "speed": "fast",
              "pass": true,
              "fail": false,
              "pending": false,
              "context": null,
              "code": "cy.get('input[formcontrolname=\"username\"]').should('have.value', 'Jane');\ncy.get('input[formcontrolname=\"email\"]').should('have.value', 'jane@email.com');",
              "err": {},
              "uuid": "07904e9c-1e83-4a0a-a086-a5c7dc2f7b3f",
              "parentUUID": "f0195fa5-51b2-4e9f-9caa-413a00eea898",
              "isHook": false,
              "skipped": false
            },
            {
              "title": "affiche les erreurs de validation avec des champs vides",
              "fullTitle": "Modification du profil affiche les erreurs de validation avec des champs vides",
              "timedOut": null,
              "duration": 1756,
              "state": "passed",
              "speed": "fast",
              "pass": true,
              "fail": false,
              "pending": false,
              "context": null,
              "code": "cy.get('input[formcontrolname=\"username\"]').clear();\ncy.get('input[formcontrolname=\"email\"]').clear();\ncy.get('button[type=\"submit\"]').click({ force: true });\ncy.get('mat-error').should('be.visible');",
              "err": {},
              "uuid": "08c5c5a2-bf79-49a8-aeba-dcfcb0e98e8a",
              "parentUUID": "f0195fa5-51b2-4e9f-9caa-413a00eea898",
              "isHook": false,
              "skipped": false
            },
            {
              "title": "annule et retourne au profil",
              "fullTitle": "Modification du profil annule et retourne au profil",
              "timedOut": null,
              "duration": 1261,
              "state": "passed",
              "speed": "fast",
              "pass": true,
              "fail": false,
              "pending": false,
              "context": null,
              "code": "cy.contains('Annuler').click();\ncy.url().should('include', '/profile');",
              "err": {},
              "uuid": "edbdd469-0022-4285-9deb-7979f3b9423e",
              "parentUUID": "f0195fa5-51b2-4e9f-9caa-413a00eea898",
              "isHook": false,
              "skipped": false
            },
            {
              "title": "modifie le mot de passe",
              "fullTitle": "Modification du profil modifie le mot de passe",
              "timedOut": null,
              "duration": 1935,
              "state": "passed",
              "speed": "fast",
              "pass": true,
              "fail": false,
              "pending": false,
              "context": null,
              "code": "cy.get('input[formcontrolname=\"password\"]').type('Jane1234!');\ncy.get('input[formcontrolname=\"confirmPassword\"]').type('Jane1234!');\ncy.get('button[type=\"submit\"]').click();\ncy.contains('Profil mis à jour avec succès !').should('be.visible');",
              "err": {},
              "uuid": "b4e3424b-5833-431a-982a-da86adb056b4",
              "parentUUID": "f0195fa5-51b2-4e9f-9caa-413a00eea898",
              "isHook": false,
              "skipped": false
            }
          ],
          "suites": [],
          "passes": [
            "a6b4b065-bd86-4084-83c8-28d5e12fba2d",
            "07904e9c-1e83-4a0a-a086-a5c7dc2f7b3f",
            "08c5c5a2-bf79-49a8-aeba-dcfcb0e98e8a",
            "edbdd469-0022-4285-9deb-7979f3b9423e",
            "b4e3424b-5833-431a-982a-da86adb056b4"
          ],
          "failures": [],
          "pending": [],
          "skipped": [],
          "duration": 7872,
          "root": false,
          "rootEmpty": false,
          "_timeout": 2000
        }
      ],
      "passes": [],
      "failures": [],
      "pending": [],
      "skipped": [],
      "duration": 0,
      "root": true,
      "rootEmpty": true,
      "_timeout": 2000
    }
  ],
  "meta": {
    "mocha": {
      "version": "7.2.0"
    },
    "mochawesome": {
      "options": {
        "quiet": false,
        "reportFilename": "mochawesome",
        "saveHtml": false,
        "saveJson": true,
        "consoleReporter": "spec",
        "useInlineDiffs": false,
        "code": true
      },
      "version": "8.0.1"
    },
    "marge": {
      "options": {
        "reportDir": "cypress/reports/mochawesome",
        "overwrite": false,
        "html": false,
        "json": true
      },
      "version": "6.3.2"
    }
  }
}