{
  "stats": {
    "suites": 1,
    "tests": 3,
    "passes": 3,
    "pending": 0,
    "failures": 0,
    "start": "2026-08-20T20:03:36.356Z",
    "end": "2026-08-20T20:03:43.999Z",
    "duration": 7643,
    "testsRegistered": 3,
    "passPercent": 100,
    "pendingPercent": 0,
    "other": 0,
    "hasOther": false,
    "skipped": 0,
    "hasSkipped": false
  },
  "results": [
    {
      "uuid": "314ad765-c435-4ef7-8f69-c3d62ededfb0",
      "title": "",
      "fullFile": "cypress\\e2e\\register.cy.ts",
      "file": "cypress\\e2e\\register.cy.ts",
      "beforeHooks": [],
      "afterHooks": [],
      "tests": [],
      "suites": [
        {
          "uuid": "6db3c344-d539-48d4-b3ae-46420d4085f9",
          "title": "Inscription",
          "fullFile": "",
          "file": "",
          "beforeHooks": [],
          "afterHooks": [],
          "tests": [
            {
              "title": "should show validation errors with invalid data",
              "fullTitle": "Inscription should show validation errors with invalid data",
              "timedOut": null,
              "duration": 2051,
              "state": "passed",
              "speed": "fast",
              "pass": true,
              "fail": false,
              "pending": false,
              "context": null,
              "code": "cy.get('input[formControlName=\"username\"]').type('ab');\ncy.get('input[formControlName=\"email\"]').type('invalid-email');\ncy.get('input[formControlName=\"password\"]').type('123');\ncy.get('button[type=\"submit\"]').click();\ncy.get('mat-error').should('be.visible');",
              "err": {},
              "uuid": "d59d583a-7db6-4803-8500-2c5133e44720",
              "parentUUID": "6db3c344-d539-48d4-b3ae-46420d4085f9",
              "isHook": false,
              "skipped": false
            },
            {
              "title": "should register successfully",
              "fullTitle": "Inscription should register successfully",
              "timedOut": null,
              "duration": 2220,
              "state": "passed",
              "speed": "fast",
              "pass": true,
              "fail": false,
              "pending": false,
              "context": null,
              "code": "const timestamp = Date.now();\nconst username = `user${timestamp}`;\nconst email = `user${timestamp}@test.com`;\ncy.get('input[formControlName=\"username\"]').type(username);\ncy.get('input[formControlName=\"email\"]').type(email);\ncy.get('input[formControlName=\"password\"]').type('Test1234!');\ncy.get('button[type=\"submit\"]').click();\ncy.url().should('include', '/feed');\ncy.contains('Articles').should('be.visible');",
              "err": {},
              "uuid": "9d0b2ccb-6582-49f5-854a-b2bf10c7bf5e",
              "parentUUID": "6db3c344-d539-48d4-b3ae-46420d4085f9",
              "isHook": false,
              "skipped": false
            },
            {
              "title": "should show error if email already exists",
              "fullTitle": "Inscription should show error if email already exists",
              "timedOut": null,
              "duration": 1146,
              "state": "passed",
              "speed": "fast",
              "pass": true,
              "fail": false,
              "pending": false,
              "context": null,
              "code": "cy.get('input[formControlName=\"username\"]').type('NewUser');\ncy.get('input[formControlName=\"email\"]').type('fatima@email.com');\ncy.get('input[formControlName=\"password\"]').type('Test1234!');\ncy.get('button[type=\"submit\"]').click();\ncy.url().should('not.include', '/feed');",
              "err": {},
              "uuid": "d20c8609-105f-4387-a5a1-10294de2bf51",
              "parentUUID": "6db3c344-d539-48d4-b3ae-46420d4085f9",
              "isHook": false,
              "skipped": false
            }
          ],
          "suites": [],
          "passes": [
            "d59d583a-7db6-4803-8500-2c5133e44720",
            "9d0b2ccb-6582-49f5-854a-b2bf10c7bf5e",
            "d20c8609-105f-4387-a5a1-10294de2bf51"
          ],
          "failures": [],
          "pending": [],
          "skipped": [],
          "duration": 5417,
          "root": false,
          "rootEmpty": false,
          "_timeout": 2000
        }
      ],
      "passes": [],
      "failures": [],
      "pending": [],
      "skipped": [],
      "duration": 0,
      "root": true,
      "rootEmpty": true,
      "_timeout": 2000
    }
  ],
  "meta": {
    "mocha": {
      "version": "7.2.0"
    },
    "mochawesome": {
      "options": {
        "quiet": false,
        "reportFilename": "mochawesome",
        "saveHtml": false,
        "saveJson": true,
        "consoleReporter": "spec",
        "useInlineDiffs": false,
        "code": true
      },
      "version": "8.0.1"
    },
    "marge": {
      "options": {
        "reportDir": "cypress/reports/mochawesome",
        "overwrite": false,
        "html": false,
        "json": true
      },
      "version": "6.3.2"
    }
  }
}