{
  "stats": {
    "suites": 1,
    "tests": 1,
    "passes": 1,
    "pending": 0,
    "failures": 0,
    "start": "2026-08-20T20:03:06.451Z",
    "end": "2026-08-20T20:03:09.993Z",
    "duration": 3542,
    "testsRegistered": 1,
    "passPercent": 100,
    "pendingPercent": 0,
    "other": 0,
    "hasOther": false,
    "skipped": 0,
    "hasSkipped": false
  },
  "results": [
    {
      "uuid": "f58d5634-16f8-4c14-87e3-f572d0a2ec4a",
      "title": "",
      "fullFile": "cypress\\e2e\\navigation.cy.ts",
      "file": "cypress\\e2e\\navigation.cy.ts",
      "beforeHooks": [],
      "afterHooks": [],
      "tests": [],
      "suites": [
        {
          "uuid": "ebb34526-e8c0-4bf5-8253-0728b449b372",
          "title": "Navigation",
          "fullFile": "",
          "file": "",
          "beforeHooks": [],
          "afterHooks": [],
          "tests": [
            {
              "title": "should navigate between pages",
              "fullTitle": "Navigation should navigate between pages",
              "timedOut": null,
              "duration": 2113,
              "state": "passed",
              "speed": "fast",
              "pass": true,
              "fail": false,
              "pending": false,
              "context": null,
              "code": "//Aller aux Thèmes\ncy.contains('Thèmes').click();\ncy.url().should('include', '/topics');\n// Revenir au Feed\ncy.contains('Articles').click();\ncy.url().should('include', '/feed');\n// Aller au Profil\ncy.get('button[routerLink=\"/profile\"], a[routerLink=\"/profile\"]').click();\ncy.url().should('include', '/profile');",
              "err": {},
              "uuid": "543bd9f7-6c90-4235-9d37-470cfca996ea",
              "parentUUID": "ebb34526-e8c0-4bf5-8253-0728b449b372",
              "isHook": false,
              "skipped": false
            }
          ],
          "suites": [],
          "passes": [
            "543bd9f7-6c90-4235-9d37-470cfca996ea"
          ],
          "failures": [],
          "pending": [],
          "skipped": [],
          "duration": 2113,
          "root": false,
          "rootEmpty": false,
          "_timeout": 2000
        }
      ],
      "passes": [],
      "failures": [],
      "pending": [],
      "skipped": [],
      "duration": 0,
      "root": true,
      "rootEmpty": true,
      "_timeout": 2000
    }
  ],
  "meta": {
    "mocha": {
      "version": "7.2.0"
    },
    "mochawesome": {
      "options": {
        "quiet": false,
        "reportFilename": "mochawesome",
        "saveHtml": false,
        "saveJson": true,
        "consoleReporter": "spec",
        "useInlineDiffs": false,
        "code": true
      },
      "version": "8.0.1"
    },
    "marge": {
      "options": {
        "reportDir": "cypress/reports/mochawesome",
        "overwrite": false,
        "html": false,
        "json": true
      },
      "version": "6.3.2"
    }
  }
}