{
  "stats": {
    "suites": 1,
    "tests": 7,
    "passes": 7,
    "pending": 0,
    "failures": 0,
    "start": "2026-08-20T20:03:46.226Z",
    "end": "2026-08-20T20:03:56.619Z",
    "duration": 10393,
    "testsRegistered": 7,
    "passPercent": 100,
    "pendingPercent": 0,
    "other": 0,
    "hasOther": false,
    "skipped": 0,
    "hasSkipped": false
  },
  "results": [
    {
      "uuid": "c0316544-2fc9-4692-81e1-37076a6b23f1",
      "title": "",
      "fullFile": "cypress\\e2e\\topics.cy.ts",
      "file": "cypress\\e2e\\topics.cy.ts",
      "beforeHooks": [],
      "afterHooks": [],
      "tests": [],
      "suites": [
        {
          "uuid": "3b1ef3a2-a8d4-45d6-b975-33b5c6e6df9a",
          "title": "Gestion des thèmes",
          "fullFile": "",
          "file": "",
          "beforeHooks": [],
          "afterHooks": [],
          "tests": [
            {
              "title": "affiche la page des thèmes",
              "fullTitle": "Gestion des thèmes affiche la page des thèmes",
              "timedOut": null,
              "duration": 1935,
              "state": "passed",
              "speed": "fast",
              "pass": true,
              "fail": false,
              "pending": false,
              "context": null,
              "code": "cy.contains('Thèmes').should('be.visible');",
              "err": {},
              "uuid": "3d1599f5-b3b2-43ee-b084-d20d2def1996",
              "parentUUID": "3b1ef3a2-a8d4-45d6-b975-33b5c6e6df9a",
              "isHook": false,
              "skipped": false
            },
            {
              "title": "affiche la liste des thèmes",
              "fullTitle": "Gestion des thèmes affiche la liste des thèmes",
              "timedOut": null,
              "duration": 1218,
              "state": "passed",
              "speed": "fast",
              "pass": true,
              "fail": false,
              "pending": false,
              "context": null,
              "code": "cy.get('.topic-card').should('have.length.greaterThan', 0);",
              "err": {},
              "uuid": "09381575-6cab-4ca9-85c0-6c7e545c244b",
              "parentUUID": "3b1ef3a2-a8d4-45d6-b975-33b5c6e6df9a",
              "isHook": false,
              "skipped": false
            },
            {
              "title": "affiche le titre et la description d'un thème",
              "fullTitle": "Gestion des thèmes affiche le titre et la description d'un thème",
              "timedOut": null,
              "duration": 937,
              "state": "passed",
              "speed": "fast",
              "pass": true,
              "fail": false,
              "pending": false,
              "context": null,
              "code": "cy.get('.topic-card').first().within(() => {\n    cy.get('h2').should('be.visible');\n    cy.get('.topic-content').should('be.visible');\n});",
              "err": {},
              "uuid": "5e3a6400-ad90-4f40-8c1b-c955481824cf",
              "parentUUID": "3b1ef3a2-a8d4-45d6-b975-33b5c6e6df9a",
              "isHook": false,
              "skipped": false
            },
            {
              "title": "s'abonne à un thème",
              "fullTitle": "Gestion des thèmes s'abonne à un thème",
              "timedOut": null,
              "duration": 1156,
              "state": "passed",
              "speed": "fast",
              "pass": true,
              "fail": false,
              "pending": false,
              "context": null,
              "code": "cy.get('button:contains(\"S\\'abonner\")').first().click();\ncy.contains('Déjà abonné').should('be.visible');",
              "err": {},
              "uuid": "bc0b9656-254b-4209-bac4-78180e47db0d",
              "parentUUID": "3b1ef3a2-a8d4-45d6-b975-33b5c6e6df9a",
              "isHook": false,
              "skipped": false
            },
            {
              "title": "affiche les thèmes déjà abonnés",
              "fullTitle": "Gestion des thèmes affiche les thèmes déjà abonnés",
              "timedOut": null,
              "duration": 1062,
              "state": "passed",
              "speed": "fast",
              "pass": true,
              "fail": false,
              "pending": false,
              "context": null,
              "code": "cy.get('.subscribed-badge').should('exist');",
              "err": {},
              "uuid": "7b1fca8a-72f5-4b0e-bc6d-c4623362b01d",
              "parentUUID": "3b1ef3a2-a8d4-45d6-b975-33b5c6e6df9a",
              "isHook": false,
              "skipped": false
            },
            {
              "title": "charge les thèmes sans erreur",
              "fullTitle": "Gestion des thèmes charge les thèmes sans erreur",
              "timedOut": null,
              "duration": 973,
              "state": "passed",
              "speed": "fast",
              "pass": true,
              "fail": false,
              "pending": false,
              "context": null,
              "code": "cy.get('.loading').should('not.exist');\ncy.get('.error').should('not.exist');",
              "err": {},
              "uuid": "f33976f3-279f-4ec5-993d-ea63a8f191a4",
              "parentUUID": "3b1ef3a2-a8d4-45d6-b975-33b5c6e6df9a",
              "isHook": false,
              "skipped": false
            },
            {
              "title": "gère l'erreur de chargement des thèmes",
              "fullTitle": "Gestion des thèmes gère l'erreur de chargement des thèmes",
              "timedOut": null,
              "duration": 1199,
              "state": "passed",
              "speed": "fast",
              "pass": true,
              "fail": false,
              "pending": false,
              "context": null,
              "code": "cy.intercept('GET', '/api/topics', {\n    statusCode: 500,\n    body: { message: 'Erreur serveur' }\n}).as('getTopicsError');\ncy.visit('/topics');\ncy.wait('@getTopicsError');\ncy.contains('Erreur lors du chargement des thèmes').should('be.visible');",
              "err": {},
              "uuid": "cd3eacd3-e31f-4955-a7cf-43bb83210ad8",
              "parentUUID": "3b1ef3a2-a8d4-45d6-b975-33b5c6e6df9a",
              "isHook": false,
              "skipped": false
            }
          ],
          "suites": [],
          "passes": [
            "3d1599f5-b3b2-43ee-b084-d20d2def1996",
            "09381575-6cab-4ca9-85c0-6c7e545c244b",
            "5e3a6400-ad90-4f40-8c1b-c955481824cf",
            "bc0b9656-254b-4209-bac4-78180e47db0d",
            "7b1fca8a-72f5-4b0e-bc6d-c4623362b01d",
            "f33976f3-279f-4ec5-993d-ea63a8f191a4",
            "cd3eacd3-e31f-4955-a7cf-43bb83210ad8"
          ],
          "failures": [],
          "pending": [],
          "skipped": [],
          "duration": 8480,
          "root": false,
          "rootEmpty": false,
          "_timeout": 2000
        }
      ],
      "passes": [],
      "failures": [],
      "pending": [],
      "skipped": [],
      "duration": 0,
      "root": true,
      "rootEmpty": true,
      "_timeout": 2000
    }
  ],
  "meta": {
    "mocha": {
      "version": "7.2.0"
    },
    "mochawesome": {
      "options": {
        "quiet": false,
        "reportFilename": "mochawesome",
        "saveHtml": false,
        "saveJson": true,
        "consoleReporter": "spec",
        "useInlineDiffs": false,
        "code": true
      },
      "version": "8.0.1"
    },
    "marge": {
      "options": {
        "reportDir": "cypress/reports/mochawesome",
        "overwrite": false,
        "html": false,
        "json": true
      },
      "version": "6.3.2"
    }
  }
}