{
  "stats": {
    "suites": 1,
    "tests": 5,
    "passes": 5,
    "pending": 0,
    "failures": 0,
    "start": "2026-08-08T17:14:13.710Z",
    "end": "2026-08-08T17:14:24.902Z",
    "duration": 11192,
    "testsRegistered": 5,
    "passPercent": 100,
    "pendingPercent": 0,
    "other": 0,
    "hasOther": false,
    "skipped": 0,
    "hasSkipped": false
  },
  "results": [
    {
      "uuid": "8af59139-5bc0-4132-8fd7-f112caa6cc1f",
      "title": "",
      "fullFile": "cypress\\e2e\\article-create.cy.ts",
      "file": "cypress\\e2e\\article-create.cy.ts",
      "beforeHooks": [],
      "afterHooks": [],
      "tests": [],
      "suites": [
        {
          "uuid": "c107aa7d-f41d-4482-abef-de1840e5b0a9",
          "title": "Création d'article",
          "fullFile": "",
          "file": "",
          "beforeHooks": [],
          "afterHooks": [],
          "tests": [
            {
              "title": "affiche le formulaire",
              "fullTitle": "Création d'article affiche le formulaire",
              "timedOut": null,
              "duration": 2162,
              "state": "passed",
              "speed": "fast",
              "pass": true,
              "fail": false,
              "pending": false,
              "context": null,
              "code": "cy.get('input[formcontrolname=\"topicId\"]').should('be.visible');\ncy.get('input[formcontrolname=\"title\"]').should('be.visible');\ncy.get('textarea[formcontrolname=\"content\"]').should('be.visible');",
              "err": {},
              "uuid": "a2a34352-911a-4f81-94c1-54b7467b97f7",
              "parentUUID": "c107aa7d-f41d-4482-abef-de1840e5b0a9",
              "isHook": false,
              "skipped": false
            },
            {
              "title": "crée un article avec le thème Java",
              "fullTitle": "Création d'article crée un article avec le thème Java",
              "timedOut": null,
              "duration": 3302,
              "state": "passed",
              "speed": "fast",
              "pass": true,
              "fail": false,
              "pending": false,
              "context": null,
              "code": "cy.get('input[formcontrolname=\"topicId\"]').type('Java');\ncy.get('input[formcontrolname=\"title\"]').type('Security in Spring Boot');\ncy.get('textarea[formcontrolname=\"content\"]').type('How to secure your Spring Boot application with JWT and Spring Security.');\ncy.get('button[type=\"submit\"]').click();\ncy.url().should('include', '/article/');",
              "err": {},
              "uuid": "c8c5545a-14da-4e2f-8dd8-0d99c2c9ed04",
              "parentUUID": "c107aa7d-f41d-4482-abef-de1840e5b0a9",
              "isHook": false,
              "skipped": false
            },
            {
              "title": "retourne au feed via le bouton back",
              "fullTitle": "Création d'article retourne au feed via le bouton back",
              "timedOut": null,
              "duration": 1103,
              "state": "passed",
              "speed": "fast",
              "pass": true,
              "fail": false,
              "pending": false,
              "context": null,
              "code": "cy.get('.back-btn').click();\ncy.url().should('include', '/feed');",
              "err": {},
              "uuid": "dd1c1203-5f2a-4d81-9053-a0d315518679",
              "parentUUID": "c107aa7d-f41d-4482-abef-de1840e5b0a9",
              "isHook": false,
              "skipped": false
            },
            {
              "title": "crée un article avec le thème JavaScript",
              "fullTitle": "Création d'article crée un article avec le thème JavaScript",
              "timedOut": null,
              "duration": 2637,
              "state": "passed",
              "speed": "fast",
              "pass": true,
              "fail": false,
              "pending": false,
              "context": null,
              "code": "cy.get('input[formcontrolname=\"topicId\"]').type('JavaScript');\ncy.get('input[formcontrolname=\"title\"]').type('Mon article JavaScript');\ncy.get('textarea[formcontrolname=\"content\"]').type('Contenu de l\\'article JavaScript');\ncy.get('button[type=\"submit\"]').click();\ncy.url().should('include', '/article/');",
              "err": {},
              "uuid": "e1aea120-80b1-44b6-994c-e0d6cafd897d",
              "parentUUID": "c107aa7d-f41d-4482-abef-de1840e5b0a9",
              "isHook": false,
              "skipped": false
            },
            {
              "title": "affiche le champ thème comme un input",
              "fullTitle": "Création d'article affiche le champ thème comme un input",
              "timedOut": null,
              "duration": 935,
              "state": "passed",
              "speed": "fast",
              "pass": true,
              "fail": false,
              "pending": false,
              "context": null,
              "code": "cy.get('input[formcontrolname=\"topicId\"]').should('be.visible');\ncy.get('input[formcontrolname=\"topicId\"]').should('have.attr', 'placeholder', 'Sélectionner un thème');",
              "err": {},
              "uuid": "eaaa6565-79ae-4ee1-97f0-2561e6ae1e3e",
              "parentUUID": "c107aa7d-f41d-4482-abef-de1840e5b0a9",
              "isHook": false,
              "skipped": false
            }
          ],
          "suites": [],
          "passes": [
            "a2a34352-911a-4f81-94c1-54b7467b97f7",
            "c8c5545a-14da-4e2f-8dd8-0d99c2c9ed04",
            "dd1c1203-5f2a-4d81-9053-a0d315518679",
            "e1aea120-80b1-44b6-994c-e0d6cafd897d",
            "eaaa6565-79ae-4ee1-97f0-2561e6ae1e3e"
          ],
          "failures": [],
          "pending": [],
          "skipped": [],
          "duration": 10139,
          "root": false,
          "rootEmpty": false,
          "_timeout": 2000
        }
      ],
      "passes": [],
      "failures": [],
      "pending": [],
      "skipped": [],
      "duration": 0,
      "root": true,
      "rootEmpty": true,
      "_timeout": 2000
    }
  ],
  "meta": {
    "mocha": {
      "version": "7.2.0"
    },
    "mochawesome": {
      "options": {
        "quiet": false,
        "reportFilename": "mochawesome",
        "saveHtml": false,
        "saveJson": true,
        "consoleReporter": "spec",
        "useInlineDiffs": false,
        "code": true
      },
      "version": "8.0.1"
    },
    "marge": {
      "options": {
        "reportDir": "cypress/reports/mochawesome",
        "overwrite": false,
        "html": false,
        "json": true
      },
      "version": "6.3.2"
    }
  }
}