{
  "stats": {
    "suites": 1,
    "tests": 3,
    "passes": 3,
    "pending": 0,
    "failures": 0,
    "start": "2026-08-20T19:57:57.909Z",
    "end": "2026-08-20T19:58:05.884Z",
    "duration": 7975,
    "testsRegistered": 3,
    "passPercent": 100,
    "pendingPercent": 0,
    "other": 0,
    "hasOther": false,
    "skipped": 0,
    "hasSkipped": false
  },
  "results": [
    {
      "uuid": "f4dac50c-090c-468c-b9a5-522005e11b55",
      "title": "",
      "fullFile": "cypress\\e2e\\app.cy.ts",
      "file": "cypress\\e2e\\app.cy.ts",
      "beforeHooks": [],
      "afterHooks": [],
      "tests": [],
      "suites": [
        {
          "uuid": "2629d25b-134d-44a8-aba7-10ea3cdc29fb",
          "title": "Application MDD",
          "fullFile": "",
          "file": "",
          "beforeHooks": [],
          "afterHooks": [],
          "tests": [
            {
              "title": "should display home page",
              "fullTitle": "Application MDD should display home page",
              "timedOut": null,
              "duration": 2337,
              "state": "passed",
              "speed": "fast",
              "pass": true,
              "fail": false,
              "pending": false,
              "context": null,
              "code": "cy.visit('/');\ncy.get('.logo, img[alt=\"MDD\"], header img').should('be.visible');",
              "err": {},
              "uuid": "893d01e7-0f4d-445c-9911-8057fd8ee73b",
              "parentUUID": "2629d25b-134d-44a8-aba7-10ea3cdc29fb",
              "isHook": false,
              "skipped": false
            },
            {
              "title": "should navigate to login",
              "fullTitle": "Application MDD should navigate to login",
              "timedOut": null,
              "duration": 623,
              "state": "passed",
              "speed": "fast",
              "pass": true,
              "fail": false,
              "pending": false,
              "context": null,
              "code": "cy.visit('/');\ncy.contains('Se connecter').click();\ncy.url().should('include', '/login');",
              "err": {},
              "uuid": "8324fab1-d308-4da8-b66c-512173d7a8be",
              "parentUUID": "2629d25b-134d-44a8-aba7-10ea3cdc29fb",
              "isHook": false,
              "skipped": false
            },
            {
              "title": "should navigate to register",
              "fullTitle": "Application MDD should navigate to register",
              "timedOut": null,
              "duration": 272,
              "state": "passed",
              "speed": "fast",
              "pass": true,
              "fail": false,
              "pending": false,
              "context": null,
              "code": "cy.visit('/');\ncy.contains('S\\'inscrire').click();\ncy.url().should('include', '/register');",
              "err": {},
              "uuid": "ea947064-67aa-4370-b418-574448eebf4e",
              "parentUUID": "2629d25b-134d-44a8-aba7-10ea3cdc29fb",
              "isHook": false,
              "skipped": false
            }
          ],
          "suites": [],
          "passes": [
            "893d01e7-0f4d-445c-9911-8057fd8ee73b",
            "8324fab1-d308-4da8-b66c-512173d7a8be",
            "ea947064-67aa-4370-b418-574448eebf4e"
          ],
          "failures": [],
          "pending": [],
          "skipped": [],
          "duration": 3232,
          "root": false,
          "rootEmpty": false,
          "_timeout": 2000
        }
      ],
      "passes": [],
      "failures": [],
      "pending": [],
      "skipped": [],
      "duration": 0,
      "root": true,
      "rootEmpty": true,
      "_timeout": 2000
    }
  ],
  "meta": {
    "mocha": {
      "version": "7.2.0"
    },
    "mochawesome": {
      "options": {
        "quiet": false,
        "reportFilename": "mochawesome",
        "saveHtml": false,
        "saveJson": true,
        "consoleReporter": "spec",
        "useInlineDiffs": false,
        "code": true
      },
      "version": "8.0.1"
    },
    "marge": {
      "options": {
        "reportDir": "cypress/reports/mochawesome",
        "overwrite": false,
        "html": false,
        "json": true
      },
      "version": "6.3.2"
    }
  }
}