{
  "stats": {
    "suites": 1,
    "tests": 7,
    "passes": 7,
    "pending": 0,
    "failures": 0,
    "start": "2026-08-08T17:14:28.097Z",
    "end": "2026-08-08T17:15:17.323Z",
    "duration": 49226,
    "testsRegistered": 7,
    "passPercent": 100,
    "pendingPercent": 0,
    "other": 0,
    "hasOther": false,
    "skipped": 0,
    "hasSkipped": false
  },
  "results": [
    {
      "uuid": "c084e213-aa37-454b-a6a1-315fd9e50440",
      "title": "",
      "fullFile": "cypress\\e2e\\article-detail.cy.ts",
      "file": "cypress\\e2e\\article-detail.cy.ts",
      "beforeHooks": [],
      "afterHooks": [],
      "tests": [],
      "suites": [
        {
          "uuid": "5433856d-c9f1-4c46-b74c-bf6d76eb90da",
          "title": "Consultation d'article",
          "fullFile": "",
          "file": "",
          "beforeHooks": [],
          "afterHooks": [],
          "tests": [
            {
              "title": "consulte l'article",
              "fullTitle": "Consultation d'article consulte l'article",
              "timedOut": null,
              "duration": 8235,
              "state": "passed",
              "speed": "medium",
              "pass": true,
              "fail": false,
              "pending": false,
              "context": null,
              "code": "cy.contains('Security in Spring Boot').click();\ncy.url().should('include', '/article/');\ncy.contains('Security in Spring Boot').should('be.visible');",
              "err": {},
              "uuid": "6ab243b0-fd7d-4252-b626-40501d207c3f",
              "parentUUID": "5433856d-c9f1-4c46-b74c-bf6d76eb90da",
              "isHook": false,
              "skipped": false
            },
            {
              "title": "affiche les métadonnées de l'article",
              "fullTitle": "Consultation d'article affiche les métadonnées de l'article",
              "timedOut": null,
              "duration": 6545,
              "state": "passed",
              "speed": "medium",
              "pass": true,
              "fail": false,
              "pending": false,
              "context": null,
              "code": "cy.contains('Security in Spring Boot').click();\ncy.get('.article-meta').should('be.visible');\ncy.get('.meta-author').should('contain', 'Jane');\ncy.get('.meta-topic').should('contain', 'Java');",
              "err": {},
              "uuid": "1bb92c77-adef-4cc5-a56a-5b38945e648b",
              "parentUUID": "5433856d-c9f1-4c46-b74c-bf6d76eb90da",
              "isHook": false,
              "skipped": false
            },
            {
              "title": "affiche le contenu de l'article",
              "fullTitle": "Consultation d'article affiche le contenu de l'article",
              "timedOut": null,
              "duration": 5975,
              "state": "passed",
              "speed": "medium",
              "pass": true,
              "fail": false,
              "pending": false,
              "context": null,
              "code": "cy.contains('Security in Spring Boot').click();\ncy.get('.article-content').should('be.visible');",
              "err": {},
              "uuid": "3380ac6d-144d-44a1-a38e-3170e11a5062",
              "parentUUID": "5433856d-c9f1-4c46-b74c-bf6d76eb90da",
              "isHook": false,
              "skipped": false
            },
            {
              "title": "ajoute un commentaire",
              "fullTitle": "Consultation d'article ajoute un commentaire",
              "timedOut": null,
              "duration": 7123,
              "state": "passed",
              "speed": "medium",
              "pass": true,
              "fail": false,
              "pending": false,
              "context": null,
              "code": "cy.contains('Security in Spring Boot').click();\ncy.get('textarea[formcontrolname=\"content\"]').type('Great article, very helpful!');\ncy.get('.send-icon-btn').click();\ncy.contains('Great article, very helpful!').should('be.visible');",
              "err": {},
              "uuid": "f99234b7-55d5-4d41-b558-4e3569dce508",
              "parentUUID": "5433856d-c9f1-4c46-b74c-bf6d76eb90da",
              "isHook": false,
              "skipped": false
            },
            {
              "title": "vide le formulaire après ajout de commentaire",
              "fullTitle": "Consultation d'article vide le formulaire après ajout de commentaire",
              "timedOut": null,
              "duration": 6660,
              "state": "passed",
              "speed": "medium",
              "pass": true,
              "fail": false,
              "pending": false,
              "context": null,
              "code": "cy.contains('Security in Spring Boot').click();\ncy.get('textarea[formcontrolname=\"content\"]').type('Test comment');\ncy.get('.send-icon-btn').click();\ncy.get('textarea[formcontrolname=\"content\"]').should('have.value', '');",
              "err": {},
              "uuid": "7a574ea6-30a1-4415-8ffd-e9fc7b299f91",
              "parentUUID": "5433856d-c9f1-4c46-b74c-bf6d76eb90da",
              "isHook": false,
              "skipped": false
            },
            {
              "title": "retourne au feed via le bouton back",
              "fullTitle": "Consultation d'article retourne au feed via le bouton back",
              "timedOut": null,
              "duration": 6431,
              "state": "passed",
              "speed": "medium",
              "pass": true,
              "fail": false,
              "pending": false,
              "context": null,
              "code": "cy.contains('Security in Spring Boot').click();\ncy.get('.back-btn').click();\ncy.url().should('include', '/feed');",
              "err": {},
              "uuid": "4f00ad8c-c73b-41fe-8259-832b0332faf0",
              "parentUUID": "5433856d-c9f1-4c46-b74c-bf6d76eb90da",
              "isHook": false,
              "skipped": false
            },
            {
              "title": "affiche le message si aucun commentaire",
              "fullTitle": "Consultation d'article affiche le message si aucun commentaire",
              "timedOut": null,
              "duration": 6625,
              "state": "passed",
              "speed": "medium",
              "pass": true,
              "fail": false,
              "pending": false,
              "context": null,
              "code": "cy.contains('Security in Spring Boot').click();\ncy.get('.no-comments').should('be.visible');",
              "err": {},
              "uuid": "feacf049-8c80-49a1-b9e5-c49c2d7582c4",
              "parentUUID": "5433856d-c9f1-4c46-b74c-bf6d76eb90da",
              "isHook": false,
              "skipped": false
            }
          ],
          "suites": [],
          "passes": [
            "6ab243b0-fd7d-4252-b626-40501d207c3f",
            "1bb92c77-adef-4cc5-a56a-5b38945e648b",
            "3380ac6d-144d-44a1-a38e-3170e11a5062",
            "f99234b7-55d5-4d41-b558-4e3569dce508",
            "7a574ea6-30a1-4415-8ffd-e9fc7b299f91",
            "4f00ad8c-c73b-41fe-8259-832b0332faf0",
            "feacf049-8c80-49a1-b9e5-c49c2d7582c4"
          ],
          "failures": [],
          "pending": [],
          "skipped": [],
          "duration": 47594,
          "root": false,
          "rootEmpty": false,
          "_timeout": 2000
        }
      ],
      "passes": [],
      "failures": [],
      "pending": [],
      "skipped": [],
      "duration": 0,
      "root": true,
      "rootEmpty": true,
      "_timeout": 2000
    }
  ],
  "meta": {
    "mocha": {
      "version": "7.2.0"
    },
    "mochawesome": {
      "options": {
        "quiet": false,
        "reportFilename": "mochawesome",
        "saveHtml": false,
        "saveJson": true,
        "consoleReporter": "spec",
        "useInlineDiffs": false,
        "code": true
      },
      "version": "8.0.1"
    },
    "marge": {
      "options": {
        "reportDir": "cypress/reports/mochawesome",
        "overwrite": false,
        "html": false,
        "json": true
      },
      "version": "6.3.2"
    }
  }
}