{
  "stats": {
    "suites": 1,
    "tests": 5,
    "passes": 5,
    "pending": 0,
    "failures": 0,
    "start": "2026-08-20T19:58:08.799Z",
    "end": "2026-08-20T19:58:21.782Z",
    "duration": 12983,
    "testsRegistered": 5,
    "passPercent": 100,
    "pendingPercent": 0,
    "other": 0,
    "hasOther": false,
    "skipped": 0,
    "hasSkipped": false
  },
  "results": [
    {
      "uuid": "9b3b7953-5e1d-44de-ab2b-2e915c53d925",
      "title": "",
      "fullFile": "cypress\\e2e\\article-create.cy.ts",
      "file": "cypress\\e2e\\article-create.cy.ts",
      "beforeHooks": [],
      "afterHooks": [],
      "tests": [],
      "suites": [
        {
          "uuid": "bd3992b9-e80c-4da8-8611-0ee35d314b6f",
          "title": "Création d'article",
          "fullFile": "",
          "file": "",
          "beforeHooks": [],
          "afterHooks": [],
          "tests": [
            {
              "title": "affiche le formulaire",
              "fullTitle": "Création d'article affiche le formulaire",
              "timedOut": null,
              "duration": 2845,
              "state": "passed",
              "speed": "fast",
              "pass": true,
              "fail": false,
              "pending": false,
              "context": null,
              "code": "cy.get('input[formcontrolname=\"topicId\"]').should('be.visible');\ncy.get('input[formcontrolname=\"title\"]').should('be.visible');\ncy.get('textarea[formcontrolname=\"content\"]').should('be.visible');",
              "err": {},
              "uuid": "80298c1f-1547-4f43-ad98-47ccab154eef",
              "parentUUID": "bd3992b9-e80c-4da8-8611-0ee35d314b6f",
              "isHook": false,
              "skipped": false
            },
            {
              "title": "crée un article avec le thème Java",
              "fullTitle": "Création d'article crée un article avec le thème Java",
              "timedOut": null,
              "duration": 3406,
              "state": "passed",
              "speed": "fast",
              "pass": true,
              "fail": false,
              "pending": false,
              "context": null,
              "code": "cy.get('input[formcontrolname=\"topicId\"]').type('Java');\ncy.get('input[formcontrolname=\"title\"]').type('Security in Spring Boot');\ncy.get('textarea[formcontrolname=\"content\"]').type('How to secure your Spring Boot application with JWT and Spring Security.');\ncy.get('button[type=\"submit\"]').click();\ncy.url().should('include', '/article/');",
              "err": {},
              "uuid": "8cdfda4a-964e-48c8-8408-6c3076fcc4c4",
              "parentUUID": "bd3992b9-e80c-4da8-8611-0ee35d314b6f",
              "isHook": false,
              "skipped": false
            },
            {
              "title": "retourne au feed via le bouton back",
              "fullTitle": "Création d'article retourne au feed via le bouton back",
              "timedOut": null,
              "duration": 1404,
              "state": "passed",
              "speed": "fast",
              "pass": true,
              "fail": false,
              "pending": false,
              "context": null,
              "code": "cy.get('.back-btn').click();\ncy.url().should('include', '/feed');",
              "err": {},
              "uuid": "4833b28d-44f7-48d7-a498-c727eca890aa",
              "parentUUID": "bd3992b9-e80c-4da8-8611-0ee35d314b6f",
              "isHook": false,
              "skipped": false
            },
            {
              "title": "crée un article avec le thème JavaScript",
              "fullTitle": "Création d'article crée un article avec le thème JavaScript",
              "timedOut": null,
              "duration": 2296,
              "state": "passed",
              "speed": "fast",
              "pass": true,
              "fail": false,
              "pending": false,
              "context": null,
              "code": "cy.get('input[formcontrolname=\"topicId\"]').type('JavaScript');\ncy.get('input[formcontrolname=\"title\"]').type('Mon article JavaScript');\ncy.get('textarea[formcontrolname=\"content\"]').type('Contenu de l\\'article JavaScript');\ncy.get('button[type=\"submit\"]').click();\ncy.url().should('include', '/article/');",
              "err": {},
              "uuid": "ad55beca-4e02-4fa9-ab92-2574bc19d595",
              "parentUUID": "bd3992b9-e80c-4da8-8611-0ee35d314b6f",
              "isHook": false,
              "skipped": false
            },
            {
              "title": "affiche le champ thème comme un input",
              "fullTitle": "Création d'article affiche le champ thème comme un input",
              "timedOut": null,
              "duration": 955,
              "state": "passed",
              "speed": "fast",
              "pass": true,
              "fail": false,
              "pending": false,
              "context": null,
              "code": "cy.get('input[formcontrolname=\"topicId\"]').should('be.visible');\ncy.get('input[formcontrolname=\"topicId\"]').should('have.attr', 'placeholder', 'Sélectionner un thème');",
              "err": {},
              "uuid": "bcf96547-b424-498a-8f97-b5719c3f04a3",
              "parentUUID": "bd3992b9-e80c-4da8-8611-0ee35d314b6f",
              "isHook": false,
              "skipped": false
            }
          ],
          "suites": [],
          "passes": [
            "80298c1f-1547-4f43-ad98-47ccab154eef",
            "8cdfda4a-964e-48c8-8408-6c3076fcc4c4",
            "4833b28d-44f7-48d7-a498-c727eca890aa",
            "ad55beca-4e02-4fa9-ab92-2574bc19d595",
            "bcf96547-b424-498a-8f97-b5719c3f04a3"
          ],
          "failures": [],
          "pending": [],
          "skipped": [],
          "duration": 10906,
          "root": false,
          "rootEmpty": false,
          "_timeout": 2000
        }
      ],
      "passes": [],
      "failures": [],
      "pending": [],
      "skipped": [],
      "duration": 0,
      "root": true,
      "rootEmpty": true,
      "_timeout": 2000
    }
  ],
  "meta": {
    "mocha": {
      "version": "7.2.0"
    },
    "mochawesome": {
      "options": {
        "quiet": false,
        "reportFilename": "mochawesome",
        "saveHtml": false,
        "saveJson": true,
        "consoleReporter": "spec",
        "useInlineDiffs": false,
        "code": true
      },
      "version": "8.0.1"
    },
    "marge": {
      "options": {
        "reportDir": "cypress/reports/mochawesome",
        "overwrite": false,
        "html": false,
        "json": true
      },
      "version": "6.3.2"
    }
  }
}