{
  "stats": {
    "suites": 1,
    "tests": 3,
    "passes": 3,
    "pending": 0,
    "failures": 0,
    "start": "2026-08-20T20:03:01.826Z",
    "end": "2026-08-20T20:03:04.739Z",
    "duration": 2913,
    "testsRegistered": 3,
    "passPercent": 100,
    "pendingPercent": 0,
    "other": 0,
    "hasOther": false,
    "skipped": 0,
    "hasSkipped": false
  },
  "results": [
    {
      "uuid": "e1422b10-4466-4d6d-9f46-15e739311c72",
      "title": "",
      "fullFile": "cypress\\e2e\\home.cy.ts",
      "file": "cypress\\e2e\\home.cy.ts",
      "beforeHooks": [],
      "afterHooks": [],
      "tests": [],
      "suites": [
        {
          "uuid": "32b49c4b-b4b9-4cb3-bf1b-01220642b492",
          "title": "Page d'accueil",
          "fullFile": "",
          "file": "",
          "beforeHooks": [],
          "afterHooks": [],
          "tests": [
            {
              "title": "should display the home page",
              "fullTitle": "Page d'accueil should display the home page",
              "timedOut": null,
              "duration": 584,
              "state": "passed",
              "speed": "fast",
              "pass": true,
              "fail": false,
              "pending": false,
              "context": null,
              "code": "cy.contains('Se connecter').should('be.visible');\ncy.contains(\"S'inscrire\").should('be.visible');",
              "err": {},
              "uuid": "f0d5ca3f-b16f-476b-9d9c-82e138d80ad3",
              "parentUUID": "32b49c4b-b4b9-4cb3-bf1b-01220642b492",
              "isHook": false,
              "skipped": false
            },
            {
              "title": "should navigate to login",
              "fullTitle": "Page d'accueil should navigate to login",
              "timedOut": null,
              "duration": 459,
              "state": "passed",
              "speed": "fast",
              "pass": true,
              "fail": false,
              "pending": false,
              "context": null,
              "code": "cy.contains('Se connecter').click();\ncy.url().should('include', '/login');",
              "err": {},
              "uuid": "960e58e8-82a4-4615-b5a8-d5da7ca4a395",
              "parentUUID": "32b49c4b-b4b9-4cb3-bf1b-01220642b492",
              "isHook": false,
              "skipped": false
            },
            {
              "title": "should navigate to register",
              "fullTitle": "Page d'accueil should navigate to register",
              "timedOut": null,
              "duration": 280,
              "state": "passed",
              "speed": "fast",
              "pass": true,
              "fail": false,
              "pending": false,
              "context": null,
              "code": "cy.contains(\"S'inscrire\").click();\ncy.url().should('include', '/register');",
              "err": {},
              "uuid": "f3bec5b6-e5c4-4dc4-877d-781c7e0f4dbe",
              "parentUUID": "32b49c4b-b4b9-4cb3-bf1b-01220642b492",
              "isHook": false,
              "skipped": false
            }
          ],
          "suites": [],
          "passes": [
            "f0d5ca3f-b16f-476b-9d9c-82e138d80ad3",
            "960e58e8-82a4-4615-b5a8-d5da7ca4a395",
            "f3bec5b6-e5c4-4dc4-877d-781c7e0f4dbe"
          ],
          "failures": [],
          "pending": [],
          "skipped": [],
          "duration": 1323,
          "root": false,
          "rootEmpty": false,
          "_timeout": 2000
        }
      ],
      "passes": [],
      "failures": [],
      "pending": [],
      "skipped": [],
      "duration": 0,
      "root": true,
      "rootEmpty": true,
      "_timeout": 2000
    }
  ],
  "meta": {
    "mocha": {
      "version": "7.2.0"
    },
    "mochawesome": {
      "options": {
        "quiet": false,
        "reportFilename": "mochawesome",
        "saveHtml": false,
        "saveJson": true,
        "consoleReporter": "spec",
        "useInlineDiffs": false,
        "code": true
      },
      "version": "8.0.1"
    },
    "marge": {
      "options": {
        "reportDir": "cypress/reports/mochawesome",
        "overwrite": false,
        "html": false,
        "json": true
      },
      "version": "6.3.2"
    }
  }
}