{
  "stats": {
    "suites": 1,
    "tests": 4,
    "passes": 4,
    "pending": 0,
    "failures": 0,
    "start": "2026-08-20T20:02:37.334Z",
    "end": "2026-08-20T20:02:48.507Z",
    "duration": 11173,
    "testsRegistered": 4,
    "passPercent": 100,
    "pendingPercent": 0,
    "other": 0,
    "hasOther": false,
    "skipped": 0,
    "hasSkipped": false
  },
  "results": [
    {
      "uuid": "14d2d03d-32cd-48d5-8f09-e9cee57a5d53",
      "title": "",
      "fullFile": "cypress\\e2e\\auth.cy.ts",
      "file": "cypress\\e2e\\auth.cy.ts",
      "beforeHooks": [],
      "afterHooks": [],
      "tests": [],
      "suites": [
        {
          "uuid": "84cb41d5-4e4a-4ec1-a113-fa1130e8c794",
          "title": "Authentification",
          "fullFile": "",
          "file": "",
          "beforeHooks": [],
          "afterHooks": [],
          "tests": [
            {
              "title": "should show validation errors with empty form",
              "fullTitle": "Authentification should show validation errors with empty form",
              "timedOut": null,
              "duration": 5399,
              "state": "passed",
              "speed": "medium",
              "pass": true,
              "fail": false,
              "pending": false,
              "context": null,
              "code": "cy.get('button[type=\"submit\"]').click();\ncy.contains('Ce champ est requis').should('be.visible');",
              "err": {},
              "uuid": "b735eee3-b952-427d-96e0-0fa356341c2a",
              "parentUUID": "84cb41d5-4e4a-4ec1-a113-fa1130e8c794",
              "isHook": false,
              "skipped": false
            },
            {
              "title": "should show error with invalid credentials",
              "fullTitle": "Authentification should show error with invalid credentials",
              "timedOut": null,
              "duration": 1185,
              "state": "passed",
              "speed": "fast",
              "pass": true,
              "fail": false,
              "pending": false,
              "context": null,
              "code": "cy.get('input[formControlName=\"usernameOrEmail\"]').type('wronguser');\ncy.get('input[formControlName=\"password\"]').type('WrongPass123!');\ncy.get('button[type=\"submit\"]').click();\ncy.contains('Erreur de connexion').should('be.visible');",
              "err": {},
              "uuid": "69052d31-8a4e-4e87-a2de-f8ac29ba99db",
              "parentUUID": "84cb41d5-4e4a-4ec1-a113-fa1130e8c794",
              "isHook": false,
              "skipped": false
            },
            {
              "title": "should login successfully",
              "fullTitle": "Authentification should login successfully",
              "timedOut": null,
              "duration": 977,
              "state": "passed",
              "speed": "fast",
              "pass": true,
              "fail": false,
              "pending": false,
              "context": null,
              "code": "cy.get('input[formControlName=\"usernameOrEmail\"]').type('Jane');\ncy.get('input[formControlName=\"password\"]').type('Jane1234!');\ncy.get('button[type=\"submit\"]').click();\ncy.url().should('include', '/feed');\ncy.contains('Articles').should('be.visible');",
              "err": {},
              "uuid": "6897740e-ea93-489d-bedf-c795a37d8f0e",
              "parentUUID": "84cb41d5-4e4a-4ec1-a113-fa1130e8c794",
              "isHook": false,
              "skipped": false
            },
            {
              "title": "should logout successfully",
              "fullTitle": "Authentification should logout successfully",
              "timedOut": null,
              "duration": 1482,
              "state": "passed",
              "speed": "fast",
              "pass": true,
              "fail": false,
              "pending": false,
              "context": null,
              "code": "cy.get('input[formControlName=\"usernameOrEmail\"]').type('Jane');\ncy.get('input[formControlName=\"password\"]').type('Jane1234!');\ncy.get('button[type=\"submit\"]').click();\ncy.url().should('include', '/feed');\ncy.get('button[routerLink=\"/profile\"]').click();\ncy.url().should('include', '/profile');\ncy.contains('Se déconnecter').click();\ncy.url().should('include', '/');\ncy.contains('Se connecter').should('be.visible');",
              "err": {},
              "uuid": "9515e7ab-5e5e-4a79-82bc-6683b7af00bf",
              "parentUUID": "84cb41d5-4e4a-4ec1-a113-fa1130e8c794",
              "isHook": false,
              "skipped": false
            }
          ],
          "suites": [],
          "passes": [
            "b735eee3-b952-427d-96e0-0fa356341c2a",
            "69052d31-8a4e-4e87-a2de-f8ac29ba99db",
            "6897740e-ea93-489d-bedf-c795a37d8f0e",
            "9515e7ab-5e5e-4a79-82bc-6683b7af00bf"
          ],
          "failures": [],
          "pending": [],
          "skipped": [],
          "duration": 9043,
          "root": false,
          "rootEmpty": false,
          "_timeout": 2000
        }
      ],
      "passes": [],
      "failures": [],
      "pending": [],
      "skipped": [],
      "duration": 0,
      "root": true,
      "rootEmpty": true,
      "_timeout": 2000
    }
  ],
  "meta": {
    "mocha": {
      "version": "7.2.0"
    },
    "mochawesome": {
      "options": {
        "quiet": false,
        "reportFilename": "mochawesome",
        "saveHtml": false,
        "saveJson": true,
        "consoleReporter": "spec",
        "useInlineDiffs": false,
        "code": true
      },
      "version": "8.0.1"
    },
    "marge": {
      "options": {
        "reportDir": "cypress/reports/mochawesome",
        "overwrite": false,
        "html": false,
        "json": true
      },
      "version": "6.3.2"
    }
  }
}