{
  "stats": {
    "suites": 1,
    "tests": 7,
    "passes": 7,
    "pending": 0,
    "failures": 0,
    "start": "2026-08-20T20:03:23.209Z",
    "end": "2026-08-20T20:03:33.370Z",
    "duration": 10161,
    "testsRegistered": 7,
    "passPercent": 100,
    "pendingPercent": 0,
    "other": 0,
    "hasOther": false,
    "skipped": 0,
    "hasSkipped": false
  },
  "results": [
    {
      "uuid": "0c16bd6c-05b6-4499-a751-8af6af03eb2c",
      "title": "",
      "fullFile": "cypress\\e2e\\profile.cy.ts",
      "file": "cypress\\e2e\\profile.cy.ts",
      "beforeHooks": [],
      "afterHooks": [],
      "tests": [],
      "suites": [
        {
          "uuid": "8c290439-e28b-4d44-b176-b972da747776",
          "title": "Profil utilisateur",
          "fullFile": "",
          "file": "",
          "beforeHooks": [],
          "afterHooks": [],
          "tests": [
            {
              "title": "affiche les informations du profil",
              "fullTitle": "Profil utilisateur affiche les informations du profil",
              "timedOut": null,
              "duration": 1896,
              "state": "passed",
              "speed": "fast",
              "pass": true,
              "fail": false,
              "pending": false,
              "context": null,
              "code": "cy.contains('Profil utilisateur').should('be.visible');\ncy.contains('Nom d\\'utilisateur').should('be.visible');\ncy.contains('Adresse e-mail').should('be.visible');\ncy.contains('Membre depuis').should('be.visible');",
              "err": {},
              "uuid": "b8d3dcf5-d910-4a51-8058-bfcdfe94351a",
              "parentUUID": "8c290439-e28b-4d44-b176-b972da747776",
              "isHook": false,
              "skipped": false
            },
            {
              "title": "affiche le nom d'utilisateur",
              "fullTitle": "Profil utilisateur affiche le nom d'utilisateur",
              "timedOut": null,
              "duration": 1010,
              "state": "passed",
              "speed": "fast",
              "pass": true,
              "fail": false,
              "pending": false,
              "context": null,
              "code": "cy.contains('Jane').should('be.visible');",
              "err": {},
              "uuid": "125b097c-1da9-4afe-8992-af14e0b12dc2",
              "parentUUID": "8c290439-e28b-4d44-b176-b972da747776",
              "isHook": false,
              "skipped": false
            },
            {
              "title": "affiche l'email",
              "fullTitle": "Profil utilisateur affiche l'email",
              "timedOut": null,
              "duration": 950,
              "state": "passed",
              "speed": "fast",
              "pass": true,
              "fail": false,
              "pending": false,
              "context": null,
              "code": "cy.contains('jane@email.com').should('be.visible');",
              "err": {},
              "uuid": "9abb60f2-5aea-42ee-930c-903ffe7f22f3",
              "parentUUID": "8c290439-e28b-4d44-b176-b972da747776",
              "isHook": false,
              "skipped": false
            },
            {
              "title": "affiche la section Souscriptions",
              "fullTitle": "Profil utilisateur affiche la section Souscriptions",
              "timedOut": null,
              "duration": 951,
              "state": "passed",
              "speed": "fast",
              "pass": true,
              "fail": false,
              "pending": false,
              "context": null,
              "code": "cy.contains('Souscriptions').should('be.visible');",
              "err": {},
              "uuid": "618344e1-018c-493e-9d43-f46bebdd1c32",
              "parentUUID": "8c290439-e28b-4d44-b176-b972da747776",
              "isHook": false,
              "skipped": false
            },
            {
              "title": "va vers la modification du profil",
              "fullTitle": "Profil utilisateur va vers la modification du profil",
              "timedOut": null,
              "duration": 1171,
              "state": "passed",
              "speed": "fast",
              "pass": true,
              "fail": false,
              "pending": false,
              "context": null,
              "code": "cy.contains('Modifier le profil').click();\ncy.url().should('include', '/profile/edit');",
              "err": {},
              "uuid": "76edeb1c-b93d-4809-b61c-7a0952cc8f03",
              "parentUUID": "8c290439-e28b-4d44-b176-b972da747776",
              "isHook": false,
              "skipped": false
            },
            {
              "title": "se déconnecte",
              "fullTitle": "Profil utilisateur se déconnecte",
              "timedOut": null,
              "duration": 1098,
              "state": "passed",
              "speed": "fast",
              "pass": true,
              "fail": false,
              "pending": false,
              "context": null,
              "code": "cy.contains('Se déconnecter').click();\ncy.url().should('include', '/');\ncy.contains('Se connecter').should('be.visible');",
              "err": {},
              "uuid": "72695d30-41f0-4a3b-8763-918ae155222f",
              "parentUUID": "8c290439-e28b-4d44-b176-b972da747776",
              "isHook": false,
              "skipped": false
            },
            {
              "title": "affiche \"Aucun abonnement\" si la liste est vide",
              "fullTitle": "Profil utilisateur affiche \"Aucun abonnement\" si la liste est vide",
              "timedOut": null,
              "duration": 976,
              "state": "passed",
              "speed": "fast",
              "pass": true,
              "fail": false,
              "pending": false,
              "context": null,
              "code": "cy.get('body').then(($body) => {\n    if ($body.find('.subscription-card').length === 0) {\n        cy.contains('Vous n\\'êtes abonné à aucun thème.').should('be.visible');\n    }\n});",
              "err": {},
              "uuid": "86c2491f-e911-45fc-8433-378ec7c079b7",
              "parentUUID": "8c290439-e28b-4d44-b176-b972da747776",
              "isHook": false,
              "skipped": false
            }
          ],
          "suites": [],
          "passes": [
            "b8d3dcf5-d910-4a51-8058-bfcdfe94351a",
            "125b097c-1da9-4afe-8992-af14e0b12dc2",
            "9abb60f2-5aea-42ee-930c-903ffe7f22f3",
            "618344e1-018c-493e-9d43-f46bebdd1c32",
            "76edeb1c-b93d-4809-b61c-7a0952cc8f03",
            "72695d30-41f0-4a3b-8763-918ae155222f",
            "86c2491f-e911-45fc-8433-378ec7c079b7"
          ],
          "failures": [],
          "pending": [],
          "skipped": [],
          "duration": 8052,
          "root": false,
          "rootEmpty": false,
          "_timeout": 2000
        }
      ],
      "passes": [],
      "failures": [],
      "pending": [],
      "skipped": [],
      "duration": 0,
      "root": true,
      "rootEmpty": true,
      "_timeout": 2000
    }
  ],
  "meta": {
    "mocha": {
      "version": "7.2.0"
    },
    "mochawesome": {
      "options": {
        "quiet": false,
        "reportFilename": "mochawesome",
        "saveHtml": false,
        "saveJson": true,
        "consoleReporter": "spec",
        "useInlineDiffs": false,
        "code": true
      },
      "version": "8.0.1"
    },
    "marge": {
      "options": {
        "reportDir": "cypress/reports/mochawesome",
        "overwrite": false,
        "html": false,
        "json": true
      },
      "version": "6.3.2"
    }
  }
}