{
  "stats": {
    "suites": 1,
    "tests": 7,
    "passes": 7,
    "pending": 0,
    "failures": 0,
    "start": "2026-08-20T19:58:23.846Z",
    "end": "2026-08-20T20:02:24.120Z",
    "duration": 240274,
    "testsRegistered": 7,
    "passPercent": 100,
    "pendingPercent": 0,
    "other": 0,
    "hasOther": false,
    "skipped": 0,
    "hasSkipped": false
  },
  "results": [
    {
      "uuid": "b55743c7-aff7-4649-810d-21c41575d966",
      "title": "",
      "fullFile": "cypress\\e2e\\article-detail.cy.ts",
      "file": "cypress\\e2e\\article-detail.cy.ts",
      "beforeHooks": [],
      "afterHooks": [],
      "tests": [],
      "suites": [
        {
          "uuid": "0d856dcf-2d61-46af-932e-21a669131588",
          "title": "Consultation d'article",
          "fullFile": "",
          "file": "",
          "beforeHooks": [],
          "afterHooks": [],
          "tests": [
            {
              "title": "consulte l'article",
              "fullTitle": "Consultation d'article consulte l'article",
              "timedOut": null,
              "duration": 34633,
              "state": "passed",
              "speed": "slow",
              "pass": true,
              "fail": false,
              "pending": false,
              "context": null,
              "code": "cy.contains('Security in Spring Boot').click();\ncy.url().should('include', '/article/');\ncy.contains('Security in Spring Boot').should('be.visible');",
              "err": {},
              "uuid": "e3aa43fd-7234-48e4-a929-285fef8d819d",
              "parentUUID": "0d856dcf-2d61-46af-932e-21a669131588",
              "isHook": false,
              "skipped": false
            },
            {
              "title": "affiche les métadonnées de l'article",
              "fullTitle": "Consultation d'article affiche les métadonnées de l'article",
              "timedOut": null,
              "duration": 33477,
              "state": "passed",
              "speed": "slow",
              "pass": true,
              "fail": false,
              "pending": false,
              "context": null,
              "code": "cy.contains('Security in Spring Boot').click();\ncy.get('.article-meta').should('be.visible');\ncy.get('.meta-author').should('contain', 'Jane');\ncy.get('.meta-topic').should('contain', 'Java');",
              "err": {},
              "uuid": "e9f39a68-5716-4b5c-9e54-0c4509fd2c4f",
              "parentUUID": "0d856dcf-2d61-46af-932e-21a669131588",
              "isHook": false,
              "skipped": false
            },
            {
              "title": "affiche le contenu de l'article",
              "fullTitle": "Consultation d'article affiche le contenu de l'article",
              "timedOut": null,
              "duration": 33511,
              "state": "passed",
              "speed": "slow",
              "pass": true,
              "fail": false,
              "pending": false,
              "context": null,
              "code": "cy.contains('Security in Spring Boot').click();\ncy.get('.article-content').should('be.visible');",
              "err": {},
              "uuid": "94107b99-bc24-44f3-969c-cdeb2bd510cb",
              "parentUUID": "0d856dcf-2d61-46af-932e-21a669131588",
              "isHook": false,
              "skipped": false
            },
            {
              "title": "ajoute un commentaire",
              "fullTitle": "Consultation d'article ajoute un commentaire",
              "timedOut": null,
              "duration": 34259,
              "state": "passed",
              "speed": "slow",
              "pass": true,
              "fail": false,
              "pending": false,
              "context": null,
              "code": "cy.contains('Security in Spring Boot').click();\ncy.get('textarea[formcontrolname=\"content\"]').type('Great article, very helpful!');\ncy.get('.send-icon-btn').click();\ncy.contains('Great article, very helpful!').should('be.visible');",
              "err": {},
              "uuid": "4bb1d662-9a05-4290-9eca-bcf48d5e057c",
              "parentUUID": "0d856dcf-2d61-46af-932e-21a669131588",
              "isHook": false,
              "skipped": false
            },
            {
              "title": "vide le formulaire après ajout de commentaire",
              "fullTitle": "Consultation d'article vide le formulaire après ajout de commentaire",
              "timedOut": null,
              "duration": 34090,
              "state": "passed",
              "speed": "slow",
              "pass": true,
              "fail": false,
              "pending": false,
              "context": null,
              "code": "cy.contains('Security in Spring Boot').click();\ncy.get('textarea[formcontrolname=\"content\"]').type('Test comment');\ncy.get('.send-icon-btn').click();\ncy.get('textarea[formcontrolname=\"content\"]').should('have.value', '');",
              "err": {},
              "uuid": "f2c98120-9276-4c7f-bb30-a0cf54b6023d",
              "parentUUID": "0d856dcf-2d61-46af-932e-21a669131588",
              "isHook": false,
              "skipped": false
            },
            {
              "title": "retourne au feed via le bouton back",
              "fullTitle": "Consultation d'article retourne au feed via le bouton back",
              "timedOut": null,
              "duration": 33033,
              "state": "passed",
              "speed": "slow",
              "pass": true,
              "fail": false,
              "pending": false,
              "context": null,
              "code": "cy.contains('Security in Spring Boot').click();\ncy.get('.back-btn').click();\ncy.url().should('include', '/feed');",
              "err": {},
              "uuid": "a0e05807-273a-4d04-8a45-da0d6f6dbb85",
              "parentUUID": "0d856dcf-2d61-46af-932e-21a669131588",
              "isHook": false,
              "skipped": false
            },
            {
              "title": "affiche le message si aucun commentaire",
              "fullTitle": "Consultation d'article affiche le message si aucun commentaire",
              "timedOut": null,
              "duration": 32949,
              "state": "passed",
              "speed": "slow",
              "pass": true,
              "fail": false,
              "pending": false,
              "context": null,
              "code": "cy.contains('Security in Spring Boot').click();\ncy.get('.no-comments').should('be.visible');",
              "err": {},
              "uuid": "b80e71a2-1b25-4da9-9dae-4ca7e4102708",
              "parentUUID": "0d856dcf-2d61-46af-932e-21a669131588",
              "isHook": false,
              "skipped": false
            }
          ],
          "suites": [],
          "passes": [
            "e3aa43fd-7234-48e4-a929-285fef8d819d",
            "e9f39a68-5716-4b5c-9e54-0c4509fd2c4f",
            "94107b99-bc24-44f3-969c-cdeb2bd510cb",
            "4bb1d662-9a05-4290-9eca-bcf48d5e057c",
            "f2c98120-9276-4c7f-bb30-a0cf54b6023d",
            "a0e05807-273a-4d04-8a45-da0d6f6dbb85",
            "b80e71a2-1b25-4da9-9dae-4ca7e4102708"
          ],
          "failures": [],
          "pending": [],
          "skipped": [],
          "duration": 235952,
          "root": false,
          "rootEmpty": false,
          "_timeout": 2000
        }
      ],
      "passes": [],
      "failures": [],
      "pending": [],
      "skipped": [],
      "duration": 0,
      "root": true,
      "rootEmpty": true,
      "_timeout": 2000
    }
  ],
  "meta": {
    "mocha": {
      "version": "7.2.0"
    },
    "mochawesome": {
      "options": {
        "quiet": false,
        "reportFilename": "mochawesome",
        "saveHtml": false,
        "saveJson": true,
        "consoleReporter": "spec",
        "useInlineDiffs": false,
        "code": true
      },
      "version": "8.0.1"
    },
    "marge": {
      "options": {
        "reportDir": "cypress/reports/mochawesome",
        "overwrite": false,
        "html": false,
        "json": true
      },
      "version": "6.3.2"
    }
  }
}