{
  "C:\\Users\\PC\\eclipse-workspace\\OpenClassrooms\\Developpez-une-application-full-stack-complete\\front\\src\\app\\core\\services\\auth.service.ts": {
    "path": "C:\\Users\\PC\\eclipse-workspace\\OpenClassrooms\\Developpez-une-application-full-stack-complete\\front\\src\\app\\core\\services\\auth.service.ts",
    "statementMap": {
      "0": {
        "start": {
          "line": 6,
          "column": 8
        },
        "end": {
          "line": 6,
          "column": 25
        }
      },
      "1": {
        "start": {
          "line": 7,
          "column": 8
        },
        "end": {
          "line": 7,
          "column": 41
        }
      },
      "2": {
        "start": {
          "line": 10,
          "column": 8
        },
        "end": {
          "line": 10,
          "column": 71
        }
      },
      "3": {
        "start": {
          "line": 13,
          "column": 8
        },
        "end": {
          "line": 13,
          "column": 68
        }
      },
      "4": {
        "start": {
          "line": 16,
          "column": 8
        },
        "end": {
          "line": 16,
          "column": 58
        }
      },
      "5": {
        "start": {
          "line": 19,
          "column": 8
        },
        "end": {
          "line": 19,
          "column": 58
        }
      },
      "6": {
        "start": {
          "line": 22,
          "column": 8
        },
        "end": {
          "line": 22,
          "column": 33
        }
      },
      "7": {
        "start": {
          "line": 25,
          "column": 8
        },
        "end": {
          "line": 25,
          "column": 54
        }
      },
      "8": {
        "start": {
          "line": 28,
          "column": 0
        },
        "end": {
          "line": 28,
          "column": 114
        }
      },
      "9": {
        "start": {
          "line": 28,
          "column": 53
        },
        "end": {
          "line": 28,
          "column": 111
        }
      },
      "10": {
        "start": {
          "line": 29,
          "column": 0
        },
        "end": {
          "line": 29,
          "column": 127
        }
      }
    },
    "fnMap": {
      "0": {
        "name": "(anonymous_0)",
        "decl": {
          "start": {
            "line": 5,
            "column": 4
          },
          "end": {
            "line": 5,
            "column": 5
          }
        },
        "loc": {
          "start": {
            "line": 5,
            "column": 22
          },
          "end": {
            "line": 8,
            "column": 5
          }
        },
        "line": 5
      },
      "1": {
        "name": "(anonymous_1)",
        "decl": {
          "start": {
            "line": 9,
            "column": 4
          },
          "end": {
            "line": 9,
            "column": 5
          }
        },
        "loc": {
          "start": {
            "line": 9,
            "column": 22
          },
          "end": {
            "line": 11,
            "column": 5
          }
        },
        "line": 9
      },
      "2": {
        "name": "(anonymous_2)",
        "decl": {
          "start": {
            "line": 12,
            "column": 4
          },
          "end": {
            "line": 12,
            "column": 5
          }
        },
        "loc": {
          "start": {
            "line": 12,
            "column": 19
          },
          "end": {
            "line": 14,
            "column": 5
          }
        },
        "line": 12
      },
      "3": {
        "name": "(anonymous_3)",
        "decl": {
          "start": {
            "line": 15,
            "column": 4
          },
          "end": {
            "line": 15,
            "column": 5
          }
        },
        "loc": {
          "start": {
            "line": 15,
            "column": 21
          },
          "end": {
            "line": 17,
            "column": 5
          }
        },
        "line": 15
      },
      "4": {
        "name": "(anonymous_4)",
        "decl": {
          "start": {
            "line": 18,
            "column": 4
          },
          "end": {
            "line": 18,
            "column": 5
          }
        },
        "loc": {
          "start": {
            "line": 18,
            "column": 15
          },
          "end": {
            "line": 20,
            "column": 5
          }
        },
        "line": 18
      },
      "5": {
        "name": "(anonymous_5)",
        "decl": {
          "start": {
            "line": 21,
            "column": 4
          },
          "end": {
            "line": 21,
            "column": 5
          }
        },
        "loc": {
          "start": {
            "line": 21,
            "column": 22
          },
          "end": {
            "line": 23,
            "column": 5
          }
        },
        "line": 21
      },
      "6": {
        "name": "(anonymous_6)",
        "decl": {
          "start": {
            "line": 24,
            "column": 4
          },
          "end": {
            "line": 24,
            "column": 5
          }
        },
        "loc": {
          "start": {
            "line": 24,
            "column": 13
          },
          "end": {
            "line": 26,
            "column": 5
          }
        },
        "line": 24
      },
      "7": {
        "name": "AuthService_Factory",
        "decl": {
          "start": {
            "line": 28,
            "column": 28
          },
          "end": {
            "line": 28,
            "column": 47
          }
        },
        "loc": {
          "start": {
            "line": 28,
            "column": 51
          },
          "end": {
            "line": 28,
            "column": 113
          }
        },
        "line": 28
      }
    },
    "branchMap": {
      "0": {
        "loc": {
          "start": {
            "line": 28,
            "column": 65
          },
          "end": {
            "line": 28,
            "column": 81
          }
        },
        "type": "binary-expr",
        "locations": [
          {
            "start": {
              "line": 28,
              "column": 65
            },
            "end": {
              "line": 28,
              "column": 66
            }
          },
          {
            "start": {
              "line": 28,
              "column": 70
            },
            "end": {
              "line": 28,
              "column": 81
            }
          }
        ],
        "line": 28
      }
    },
    "s": {
      "0": 61,
      "1": 61,
      "2": 2,
      "3": 42,
      "4": 42,
      "5": 5278,
      "6": 5115,
      "7": 2,
      "8": 61,
      "9": 61,
      "10": 61
    },
    "f": {
      "0": 61,
      "1": 2,
      "2": 42,
      "3": 42,
      "4": 5278,
      "5": 5115,
      "6": 2,
      "7": 61
    },
    "b": {
      "0": [
        61,
        61
      ]
    },
    "inputSourceMap": {
      "version": 3,
      "file": "auth.service.js",
      "sourceRoot": "",
      "sources": [
        "C:\\Users\\PC\\eclipse-workspace\\OpenClassrooms\\Developpez-une-application-full-stack-complete\\front\\src\\app\\core\\services\\auth.service.ts"
      ],
      "names": [],
      "mappings": "AAGA,OAAO,EAAE,WAAW,EAAE,MAAM,mCAAmC,CAAC;;;AAMhE,MAAM,OAAO,WAAW;IAQtB,YAAoB,IAAgB;QAAhB,SAAI,GAAJ,IAAI,CAAY;QAJ5B,WAAM,GAAG,WAAW,CAAC,MAAM,CAAC;IAIG,CAAC;IAIxC,QAAQ,CAAC,OAAwB;QAC/B,OAAO,IAAI,CAAC,IAAI,CAAC,IAAI,CAAe,GAAG,IAAI,CAAC,MAAM,gBAAgB,EAAE,OAAO,CAAC,CAAC;IAC/E,CAAC;IAID,KAAK,CAAC,OAAqB;QACzB,OAAO,IAAI,CAAC,IAAI,CAAC,IAAI,CAAe,GAAG,IAAI,CAAC,MAAM,aAAa,EAAE,OAAO,CAAC,CAAC;IAC5E,CAAC;IAID,SAAS,CAAC,KAAa;QACrB,YAAY,CAAC,OAAO,CAAC,WAAW,CAAC,QAAQ,EAAE,KAAK,CAAC,CAAC;IACpD,CAAC;IAID,QAAQ;QACN,OAAO,YAAY,CAAC,OAAO,CAAC,WAAW,CAAC,QAAQ,CAAC,CAAC;IACpD,CAAC;IAID,eAAe;QACb,OAAO,CAAC,CAAC,IAAI,CAAC,QAAQ,EAAE,CAAC;IAC3B,CAAC;IAID,MAAM;QACJ,YAAY,CAAC,UAAU,CAAC,WAAW,CAAC,QAAQ,CAAC,CAAC;IAChD,CAAC;;sEA5CU,WAAW;iEAAX,WAAW,WAAX,WAAW,mBAFV,MAAM",
      "sourcesContent": [
        "import { Injectable } from '@angular/core';\r\nimport { HttpClient } from '@angular/common/http';\r\nimport { Observable } from 'rxjs';\r\nimport { environment } from '../../../environments/environment';\r\nimport { LoginRequest, RegisterRequest, AuthResponse } from '../../shared/models/auth.model';\r\n\r\n@Injectable({\r\n  providedIn: 'root'\r\n})\r\nexport class AuthService {\r\n\r\n\r\n\r\n  private apiUrl = environment.apiUrl;\r\n\r\n\r\n\r\n  constructor(private http: HttpClient) {}\r\n\r\n\r\n\r\n  register(request: RegisterRequest): Observable<AuthResponse> {\r\n    return this.http.post<AuthResponse>(`${this.apiUrl}/auth/register`, request);\r\n  }\r\n\r\n\r\n\r\n  login(request: LoginRequest): Observable<AuthResponse> {\r\n    return this.http.post<AuthResponse>(`${this.apiUrl}/auth/login`, request);\r\n  }\r\n\r\n\r\n\r\n  saveToken(token: string): void {\r\n    localStorage.setItem(environment.tokenKey, token);\r\n  }\r\n\r\n\r\n\r\n  getToken(): string | null {\r\n    return localStorage.getItem(environment.tokenKey);\r\n  }\r\n\r\n\r\n\r\n  isAuthenticated(): boolean {\r\n    return !!this.getToken();\r\n  }\r\n\r\n\r\n  \r\n  logout(): void {\r\n    localStorage.removeItem(environment.tokenKey);\r\n  }\r\n}"
      ]
    },
    "_coverageSchema": "1a1c01bbd47fc00a2c39e90264f33305004495a9",
    "hash": "7cdc24990f25acfd10f86620c811ae2759e825a0"
  },
  "C:\\Users\\PC\\eclipse-workspace\\OpenClassrooms\\Developpez-une-application-full-stack-complete\\front\\src\\app\\pages\\home\\home.component.ts": {
    "path": "C:\\Users\\PC\\eclipse-workspace\\OpenClassrooms\\Developpez-une-application-full-stack-complete\\front\\src\\app\\pages\\home\\home.component.ts",
    "statementMap": {
      "0": {
        "start": {
          "line": 6,
          "column": 8
        },
        "end": {
          "line": 6,
          "column": 39
        }
      },
      "1": {
        "start": {
          "line": 7,
          "column": 8
        },
        "end": {
          "line": 7,
          "column": 29
        }
      },
      "2": {
        "start": {
          "line": 10,
          "column": 8
        },
        "end": {
          "line": 10,
          "column": 41
        }
      },
      "3": {
        "start": {
          "line": 13,
          "column": 8
        },
        "end": {
          "line": 13,
          "column": 44
        }
      },
      "4": {
        "start": {
          "line": 16,
          "column": 0
        },
        "end": {
          "line": 16,
          "column": 163
        }
      },
      "5": {
        "start": {
          "line": 16,
          "column": 57
        },
        "end": {
          "line": 16,
          "column": 160
        }
      },
      "6": {
        "start": {
          "line": 17,
          "column": 0
        },
        "end": {
          "line": 29,
          "column": 6493
        }
      },
      "7": {
        "start": {
          "line": 17,
          "column": 394
        },
        "end": {
          "line": 29,
          "column": 5
        }
      },
      "8": {
        "start": {
          "line": 18,
          "column": 8
        },
        "end": {
          "line": 18,
          "column": 65
        }
      },
      "9": {
        "start": {
          "line": 19,
          "column": 8
        },
        "end": {
          "line": 19,
          "column": 34
        }
      },
      "10": {
        "start": {
          "line": 20,
          "column": 8
        },
        "end": {
          "line": 20,
          "column": 26
        }
      },
      "11": {
        "start": {
          "line": 21,
          "column": 8
        },
        "end": {
          "line": 21,
          "column": 55
        }
      },
      "12": {
        "start": {
          "line": 22,
          "column": 8
        },
        "end": {
          "line": 22,
          "column": 118
        }
      },
      "13": {
        "start": {
          "line": 22,
          "column": 91
        },
        "end": {
          "line": 22,
          "column": 114
        }
      },
      "14": {
        "start": {
          "line": 23,
          "column": 8
        },
        "end": {
          "line": 23,
          "column": 39
        }
      },
      "15": {
        "start": {
          "line": 24,
          "column": 8
        },
        "end": {
          "line": 24,
          "column": 26
        }
      },
      "16": {
        "start": {
          "line": 25,
          "column": 8
        },
        "end": {
          "line": 25,
          "column": 42
        }
      },
      "17": {
        "start": {
          "line": 26,
          "column": 8
        },
        "end": {
          "line": 26,
          "column": 121
        }
      },
      "18": {
        "start": {
          "line": 26,
          "column": 91
        },
        "end": {
          "line": 26,
          "column": 117
        }
      },
      "19": {
        "start": {
          "line": 27,
          "column": 8
        },
        "end": {
          "line": 27,
          "column": 37
        }
      },
      "20": {
        "start": {
          "line": 28,
          "column": 8
        },
        "end": {
          "line": 28,
          "column": 32
        }
      }
    },
    "fnMap": {
      "0": {
        "name": "(anonymous_0)",
        "decl": {
          "start": {
            "line": 5,
            "column": 4
          },
          "end": {
            "line": 5,
            "column": 5
          }
        },
        "loc": {
          "start": {
            "line": 5,
            "column": 37
          },
          "end": {
            "line": 8,
            "column": 5
          }
        },
        "line": 5
      },
      "1": {
        "name": "(anonymous_1)",
        "decl": {
          "start": {
            "line": 9,
            "column": 4
          },
          "end": {
            "line": 9,
            "column": 5
          }
        },
        "loc": {
          "start": {
            "line": 9,
            "column": 16
          },
          "end": {
            "line": 11,
            "column": 5
          }
        },
        "line": 9
      },
      "2": {
        "name": "(anonymous_2)",
        "decl": {
          "start": {
            "line": 12,
            "column": 4
          },
          "end": {
            "line": 12,
            "column": 5
          }
        },
        "loc": {
          "start": {
            "line": 12,
            "column": 19
          },
          "end": {
            "line": 14,
            "column": 5
          }
        },
        "line": 12
      },
      "3": {
        "name": "HomeComponent_Factory",
        "decl": {
          "start": {
            "line": 16,
            "column": 30
          },
          "end": {
            "line": 16,
            "column": 51
          }
        },
        "loc": {
          "start": {
            "line": 16,
            "column": 55
          },
          "end": {
            "line": 16,
            "column": 162
          }
        },
        "line": 16
      },
      "4": {
        "name": "HomeComponent_Template",
        "decl": {
          "start": {
            "line": 17,
            "column": 360
          },
          "end": {
            "line": 17,
            "column": 382
          }
        },
        "loc": {
          "start": {
            "line": 17,
            "column": 392
          },
          "end": {
            "line": 29,
            "column": 7
          }
        },
        "line": 17
      },
      "5": {
        "name": "HomeComponent_Template_button_click_5_listener",
        "decl": {
          "start": {
            "line": 22,
            "column": 40
          },
          "end": {
            "line": 22,
            "column": 86
          }
        },
        "loc": {
          "start": {
            "line": 22,
            "column": 89
          },
          "end": {
            "line": 22,
            "column": 116
          }
        },
        "line": 22
      },
      "6": {
        "name": "HomeComponent_Template_button_click_7_listener",
        "decl": {
          "start": {
            "line": 26,
            "column": 40
          },
          "end": {
            "line": 26,
            "column": 86
          }
        },
        "loc": {
          "start": {
            "line": 26,
            "column": 89
          },
          "end": {
            "line": 26,
            "column": 119
          }
        },
        "line": 26
      }
    },
    "branchMap": {
      "0": {
        "loc": {
          "start": {
            "line": 16,
            "column": 69
          },
          "end": {
            "line": 16,
            "column": 87
          }
        },
        "type": "binary-expr",
        "locations": [
          {
            "start": {
              "line": 16,
              "column": 69
            },
            "end": {
              "line": 16,
              "column": 70
            }
          },
          {
            "start": {
              "line": 16,
              "column": 74
            },
            "end": {
              "line": 16,
              "column": 87
            }
          }
        ],
        "line": 16
      },
      "1": {
        "loc": {
          "start": {
            "line": 17,
            "column": 394
          },
          "end": {
            "line": 29,
            "column": 5
          }
        },
        "type": "if",
        "locations": [
          {
            "start": {
              "line": 17,
              "column": 394
            },
            "end": {
              "line": 29,
              "column": 5
            }
          },
          {
            "start": {},
            "end": {}
          }
        ],
        "line": 17
      }
    },
    "s": {
      "0": 6,
      "1": 6,
      "2": 2,
      "3": 2,
      "4": 61,
      "5": 6,
      "6": 61,
      "7": 18,
      "8": 6,
      "9": 6,
      "10": 6,
      "11": 6,
      "12": 6,
      "13": 2,
      "14": 6,
      "15": 6,
      "16": 6,
      "17": 6,
      "18": 2,
      "19": 6,
      "20": 6
    },
    "f": {
      "0": 6,
      "1": 2,
      "2": 2,
      "3": 6,
      "4": 18,
      "5": 2,
      "6": 2
    },
    "b": {
      "0": [
        6,
        6
      ],
      "1": [
        6,
        12
      ]
    },
    "inputSourceMap": {
      "version": 3,
      "file": "home.component.js",
      "sourceRoot": "",
      "sources": [
        "C:\\Users\\PC\\eclipse-workspace\\OpenClassrooms\\Developpez-une-application-full-stack-complete\\front\\src\\app\\pages\\home\\home.component.ts",
        "C:\\Users\\PC\\eclipse-workspace\\OpenClassrooms\\Developpez-une-application-full-stack-complete\\front\\src\\app\\pages\\home\\home.component.html"
      ],
      "names": [],
      "mappings": ";;;AAUA,MAAM,OAAO,aAAa;IAGxB,YACU,WAAwB,EACxB,MAAc;QADd,gBAAW,GAAX,WAAW,CAAa;QACxB,WAAM,GAAN,MAAM,CAAQ;IACrB,CAAC;IAGJ,SAAS;QACP,IAAI,CAAC,MAAM,CAAC,QAAQ,CAAC,CAAC,QAAQ,CAAC,CAAC,CAAC;IACnC,CAAC;IAGD,YAAY;QACV,IAAI,CAAC,MAAM,CAAC,QAAQ,CAAC,CAAC,WAAW,CAAC,CAAC,CAAC;IACtC,CAAC;;0EAhBU,aAAa;gEAAb,aAAa;QCV1B,8BAA4B,aAAA,aAAA;QAGtB,yBAA6D;QAE/D,iBAAM;QAEN,8BAAqB,gBAAA;QACQ,0FAAS,eAAW,IAAC;QAC9C,8BACF;QAAA,iBAAS;QACT,iCAAuD;QAAzB,0FAAS,kBAAc,IAAC;QACpD,4BACF;QAAA,iBAAS,EAAA,EAAA,EAAA",
      "sourcesContent": [
        "import { Component } from '@angular/core';\r\nimport { Router } from '@angular/router';\r\nimport { AuthService } from '../../core/services/auth.service';\r\n\r\n@Component({\r\n  selector: 'app-home',\r\n  templateUrl: './home.component.html',\r\n  styleUrls: ['./home.component.scss']\r\n})\r\n\r\nexport class HomeComponent {\r\n\r\n  \r\n  constructor(\r\n    private authService: AuthService,\r\n    private router: Router\r\n  ) {}\r\n\r\n\r\n  goToLogin() : void{\r\n    this.router.navigate(['/login']);\r\n  }\r\n\r\n\r\n  goToRegister(): void{\r\n    this.router.navigate(['/register']);\r\n  }\r\n}",
        "<div class=\"home-container\">\r\n  <div class=\"home-content\">\r\n    <div class=\"logo-section\">\r\n      <img src=\"/assets/logo_p6.png\" alt=\"MDD Logo\" class=\"logo\" />\r\n      \r\n    </div>\r\n\r\n    <div class=\"actions\">\r\n      <button  class=\"btn-login\" (click)=\"goToLogin()\">\r\n        Se connecter\r\n      </button>\r\n      <button  class=\"btn-register\" (click)=\"goToRegister()\">\r\n        S'inscrire\r\n      </button>\r\n    </div>\r\n  </div>\r\n</div>"
      ]
    },
    "_coverageSchema": "1a1c01bbd47fc00a2c39e90264f33305004495a9",
    "hash": "5d7d7a187998a7533697cd99c8d742fdf0294055"
  },
  "C:\\Users\\PC\\eclipse-workspace\\OpenClassrooms\\Developpez-une-application-full-stack-complete\\front\\src\\app\\pages\\auth\\login\\login.component.ts": {
    "path": "C:\\Users\\PC\\eclipse-workspace\\OpenClassrooms\\Developpez-une-application-full-stack-complete\\front\\src\\app\\pages\\auth\\login\\login.component.ts",
    "statementMap": {
      "0": {
        "start": {
          "line": 11,
          "column": 57
        },
        "end": {
          "line": 15,
          "column": 1
        }
      },
      "1": {
        "start": {
          "line": 12,
          "column": 4
        },
        "end": {
          "line": 12,
          "column": 38
        }
      },
      "2": {
        "start": {
          "line": 13,
          "column": 4
        },
        "end": {
          "line": 13,
          "column": 42
        }
      },
      "3": {
        "start": {
          "line": 14,
          "column": 4
        },
        "end": {
          "line": 14,
          "column": 22
        }
      },
      "4": {
        "start": {
          "line": 16,
          "column": 57
        },
        "end": {
          "line": 20,
          "column": 1
        }
      },
      "5": {
        "start": {
          "line": 17,
          "column": 4
        },
        "end": {
          "line": 17,
          "column": 38
        }
      },
      "6": {
        "start": {
          "line": 18,
          "column": 4
        },
        "end": {
          "line": 18,
          "column": 42
        }
      },
      "7": {
        "start": {
          "line": 19,
          "column": 4
        },
        "end": {
          "line": 19,
          "column": 22
        }
      },
      "8": {
        "start": {
          "line": 21,
          "column": 57
        },
        "end": {
          "line": 25,
          "column": 1
        }
      },
      "9": {
        "start": {
          "line": 22,
          "column": 4
        },
        "end": {
          "line": 22,
          "column": 38
        }
      },
      "10": {
        "start": {
          "line": 23,
          "column": 4
        },
        "end": {
          "line": 23,
          "column": 48
        }
      },
      "11": {
        "start": {
          "line": 24,
          "column": 4
        },
        "end": {
          "line": 24,
          "column": 22
        }
      },
      "12": {
        "start": {
          "line": 26,
          "column": 51
        },
        "end": {
          "line": 30,
          "column": 1
        }
      },
      "13": {
        "start": {
          "line": 27,
          "column": 4
        },
        "end": {
          "line": 27,
          "column": 36
        }
      },
      "14": {
        "start": {
          "line": 28,
          "column": 4
        },
        "end": {
          "line": 28,
          "column": 17
        }
      },
      "15": {
        "start": {
          "line": 29,
          "column": 4
        },
        "end": {
          "line": 29,
          "column": 22
        }
      },
      "16": {
        "start": {
          "line": 30,
          "column": 2
        },
        "end": {
          "line": 34,
          "column": 1
        }
      },
      "17": {
        "start": {
          "line": 31,
          "column": 19
        },
        "end": {
          "line": 31,
          "column": 37
        }
      },
      "18": {
        "start": {
          "line": 32,
          "column": 4
        },
        "end": {
          "line": 32,
          "column": 20
        }
      },
      "19": {
        "start": {
          "line": 33,
          "column": 4
        },
        "end": {
          "line": 33,
          "column": 57
        }
      },
      "20": {
        "start": {
          "line": 37,
          "column": 8
        },
        "end": {
          "line": 37,
          "column": 21
        }
      },
      "21": {
        "start": {
          "line": 38,
          "column": 8
        },
        "end": {
          "line": 38,
          "column": 39
        }
      },
      "22": {
        "start": {
          "line": 39,
          "column": 8
        },
        "end": {
          "line": 39,
          "column": 29
        }
      },
      "23": {
        "start": {
          "line": 40,
          "column": 8
        },
        "end": {
          "line": 40,
          "column": 31
        }
      },
      "24": {
        "start": {
          "line": 41,
          "column": 8
        },
        "end": {
          "line": 41,
          "column": 29
        }
      },
      "25": {
        "start": {
          "line": 42,
          "column": 8
        },
        "end": {
          "line": 45,
          "column": 11
        }
      },
      "26": {
        "start": {
          "line": 48,
          "column": 8
        },
        "end": {
          "line": 50,
          "column": 9
        }
      },
      "27": {
        "start": {
          "line": 49,
          "column": 12
        },
        "end": {
          "line": 49,
          "column": 19
        }
      },
      "28": {
        "start": {
          "line": 51,
          "column": 8
        },
        "end": {
          "line": 51,
          "column": 28
        }
      },
      "29": {
        "start": {
          "line": 52,
          "column": 8
        },
        "end": {
          "line": 52,
          "column": 31
        }
      },
      "30": {
        "start": {
          "line": 53,
          "column": 8
        },
        "end": {
          "line": 62,
          "column": 11
        }
      },
      "31": {
        "start": {
          "line": 55,
          "column": 16
        },
        "end": {
          "line": 55,
          "column": 59
        }
      },
      "32": {
        "start": {
          "line": 56,
          "column": 16
        },
        "end": {
          "line": 56,
          "column": 48
        }
      },
      "33": {
        "start": {
          "line": 59,
          "column": 16
        },
        "end": {
          "line": 59,
          "column": 82
        }
      },
      "34": {
        "start": {
          "line": 60,
          "column": 16
        },
        "end": {
          "line": 60,
          "column": 37
        }
      },
      "35": {
        "start": {
          "line": 65,
          "column": 0
        },
        "end": {
          "line": 65,
          "column": 204
        }
      },
      "36": {
        "start": {
          "line": 65,
          "column": 59
        },
        "end": {
          "line": 65,
          "column": 201
        }
      },
      "37": {
        "start": {
          "line": 66,
          "column": 0
        },
        "end": {
          "line": 113,
          "column": 8683
        }
      },
      "38": {
        "start": {
          "line": 66,
          "column": 773
        },
        "end": {
          "line": 95,
          "column": 5
        }
      },
      "39": {
        "start": {
          "line": 67,
          "column": 8
        },
        "end": {
          "line": 67,
          "column": 55
        }
      },
      "40": {
        "start": {
          "line": 68,
          "column": 8
        },
        "end": {
          "line": 68,
          "column": 34
        }
      },
      "41": {
        "start": {
          "line": 69,
          "column": 8
        },
        "end": {
          "line": 69,
          "column": 26
        }
      },
      "42": {
        "start": {
          "line": 70,
          "column": 8
        },
        "end": {
          "line": 70,
          "column": 70
        }
      },
      "43": {
        "start": {
          "line": 71,
          "column": 8
        },
        "end": {
          "line": 71,
          "column": 35
        }
      },
      "44": {
        "start": {
          "line": 72,
          "column": 8
        },
        "end": {
          "line": 72,
          "column": 28
        }
      },
      "45": {
        "start": {
          "line": 73,
          "column": 8
        },
        "end": {
          "line": 73,
          "column": 48
        }
      },
      "46": {
        "start": {
          "line": 74,
          "column": 8
        },
        "end": {
          "line": 74,
          "column": 37
        }
      },
      "47": {
        "start": {
          "line": 75,
          "column": 8
        },
        "end": {
          "line": 75,
          "column": 26
        }
      },
      "48": {
        "start": {
          "line": 76,
          "column": 8
        },
        "end": {
          "line": 76,
          "column": 41
        }
      },
      "49": {
        "start": {
          "line": 77,
          "column": 8
        },
        "end": {
          "line": 77,
          "column": 123
        }
      },
      "50": {
        "start": {
          "line": 77,
          "column": 97
        },
        "end": {
          "line": 77,
          "column": 119
        }
      },
      "51": {
        "start": {
          "line": 78,
          "column": 8
        },
        "end": {
          "line": 78,
          "column": 68
        }
      },
      "52": {
        "start": {
          "line": 79,
          "column": 8
        },
        "end": {
          "line": 79,
          "column": 52
        }
      },
      "53": {
        "start": {
          "line": 80,
          "column": 8
        },
        "end": {
          "line": 80,
          "column": 26
        }
      },
      "54": {
        "start": {
          "line": 81,
          "column": 8
        },
        "end": {
          "line": 81,
          "column": 37
        }
      },
      "55": {
        "start": {
          "line": 82,
          "column": 8
        },
        "end": {
          "line": 82,
          "column": 86
        }
      },
      "56": {
        "start": {
          "line": 83,
          "column": 8
        },
        "end": {
          "line": 83,
          "column": 26
        }
      },
      "57": {
        "start": {
          "line": 84,
          "column": 8
        },
        "end": {
          "line": 84,
          "column": 68
        }
      },
      "58": {
        "start": {
          "line": 85,
          "column": 8
        },
        "end": {
          "line": 85,
          "column": 38
        }
      },
      "59": {
        "start": {
          "line": 86,
          "column": 8
        },
        "end": {
          "line": 86,
          "column": 26
        }
      },
      "60": {
        "start": {
          "line": 87,
          "column": 8
        },
        "end": {
          "line": 87,
          "column": 38
        }
      },
      "61": {
        "start": {
          "line": 88,
          "column": 8
        },
        "end": {
          "line": 88,
          "column": 86
        }
      },
      "62": {
        "start": {
          "line": 89,
          "column": 8
        },
        "end": {
          "line": 89,
          "column": 86
        }
      },
      "63": {
        "start": {
          "line": 90,
          "column": 8
        },
        "end": {
          "line": 90,
          "column": 26
        }
      },
      "64": {
        "start": {
          "line": 91,
          "column": 8
        },
        "end": {
          "line": 91,
          "column": 75
        }
      },
      "65": {
        "start": {
          "line": 92,
          "column": 8
        },
        "end": {
          "line": 92,
          "column": 44
        }
      },
      "66": {
        "start": {
          "line": 93,
          "column": 8
        },
        "end": {
          "line": 93,
          "column": 22
        }
      },
      "67": {
        "start": {
          "line": 94,
          "column": 8
        },
        "end": {
          "line": 94,
          "column": 34
        }
      },
      "68": {
        "start": {
          "line": 95,
          "column": 6
        },
        "end": {
          "line": 113,
          "column": 5
        }
      },
      "69": {
        "start": {
          "line": 99,
          "column": 8
        },
        "end": {
          "line": 99,
          "column": 25
        }
      },
      "70": {
        "start": {
          "line": 100,
          "column": 8
        },
        "end": {
          "line": 100,
          "column": 50
        }
      },
      "71": {
        "start": {
          "line": 101,
          "column": 8
        },
        "end": {
          "line": 101,
          "column": 24
        }
      },
      "72": {
        "start": {
          "line": 102,
          "column": 8
        },
        "end": {
          "line": 102,
          "column": 126
        }
      },
      "73": {
        "start": {
          "line": 103,
          "column": 8
        },
        "end": {
          "line": 103,
          "column": 24
        }
      },
      "74": {
        "start": {
          "line": 104,
          "column": 8
        },
        "end": {
          "line": 104,
          "column": 119
        }
      },
      "75": {
        "start": {
          "line": 105,
          "column": 8
        },
        "end": {
          "line": 105,
          "column": 24
        }
      },
      "76": {
        "start": {
          "line": 106,
          "column": 8
        },
        "end": {
          "line": 106,
          "column": 120
        }
      },
      "77": {
        "start": {
          "line": 107,
          "column": 8
        },
        "end": {
          "line": 107,
          "column": 24
        }
      },
      "78": {
        "start": {
          "line": 108,
          "column": 8
        },
        "end": {
          "line": 108,
          "column": 48
        }
      },
      "79": {
        "start": {
          "line": 109,
          "column": 8
        },
        "end": {
          "line": 109,
          "column": 24
        }
      },
      "80": {
        "start": {
          "line": 110,
          "column": 8
        },
        "end": {
          "line": 110,
          "column": 47
        }
      },
      "81": {
        "start": {
          "line": 111,
          "column": 8
        },
        "end": {
          "line": 111,
          "column": 24
        }
      },
      "82": {
        "start": {
          "line": 112,
          "column": 8
        },
        "end": {
          "line": 112,
          "column": 87
        }
      }
    },
    "fnMap": {
      "0": {
        "name": "LoginComponent_mat_error_15_Template",
        "decl": {
          "start": {
            "line": 11,
            "column": 9
          },
          "end": {
            "line": 11,
            "column": 45
          }
        },
        "loc": {
          "start": {
            "line": 11,
            "column": 55
          },
          "end": {
            "line": 15,
            "column": 3
          }
        },
        "line": 11
      },
      "1": {
        "name": "LoginComponent_mat_error_20_Template",
        "decl": {
          "start": {
            "line": 16,
            "column": 9
          },
          "end": {
            "line": 16,
            "column": 45
          }
        },
        "loc": {
          "start": {
            "line": 16,
            "column": 55
          },
          "end": {
            "line": 20,
            "column": 3
          }
        },
        "line": 16
      },
      "2": {
        "name": "LoginComponent_mat_error_21_Template",
        "decl": {
          "start": {
            "line": 21,
            "column": 9
          },
          "end": {
            "line": 21,
            "column": 45
          }
        },
        "loc": {
          "start": {
            "line": 21,
            "column": 55
          },
          "end": {
            "line": 25,
            "column": 3
          }
        },
        "line": 21
      },
      "3": {
        "name": "LoginComponent_div_22_Template",
        "decl": {
          "start": {
            "line": 26,
            "column": 9
          },
          "end": {
            "line": 26,
            "column": 39
          }
        },
        "loc": {
          "start": {
            "line": 26,
            "column": 49
          },
          "end": {
            "line": 34,
            "column": 3
          }
        },
        "line": 26
      },
      "4": {
        "name": "(anonymous_4)",
        "decl": {
          "start": {
            "line": 36,
            "column": 4
          },
          "end": {
            "line": 36,
            "column": 5
          }
        },
        "loc": {
          "start": {
            "line": 36,
            "column": 41
          },
          "end": {
            "line": 46,
            "column": 5
          }
        },
        "line": 36
      },
      "5": {
        "name": "(anonymous_5)",
        "decl": {
          "start": {
            "line": 47,
            "column": 4
          },
          "end": {
            "line": 47,
            "column": 5
          }
        },
        "loc": {
          "start": {
            "line": 47,
            "column": 15
          },
          "end": {
            "line": 63,
            "column": 5
          }
        },
        "line": 47
      },
      "6": {
        "name": "(anonymous_6)",
        "decl": {
          "start": {
            "line": 54,
            "column": 18
          },
          "end": {
            "line": 54,
            "column": 19
          }
        },
        "loc": {
          "start": {
            "line": 54,
            "column": 32
          },
          "end": {
            "line": 57,
            "column": 13
          }
        },
        "line": 54
      },
      "7": {
        "name": "(anonymous_7)",
        "decl": {
          "start": {
            "line": 58,
            "column": 19
          },
          "end": {
            "line": 58,
            "column": 20
          }
        },
        "loc": {
          "start": {
            "line": 58,
            "column": 30
          },
          "end": {
            "line": 61,
            "column": 13
          }
        },
        "line": 58
      },
      "8": {
        "name": "LoginComponent_Factory",
        "decl": {
          "start": {
            "line": 65,
            "column": 31
          },
          "end": {
            "line": 65,
            "column": 53
          }
        },
        "loc": {
          "start": {
            "line": 65,
            "column": 57
          },
          "end": {
            "line": 65,
            "column": 203
          }
        },
        "line": 65
      },
      "9": {
        "name": "LoginComponent_Template",
        "decl": {
          "start": {
            "line": 66,
            "column": 738
          },
          "end": {
            "line": 66,
            "column": 761
          }
        },
        "loc": {
          "start": {
            "line": 66,
            "column": 771
          },
          "end": {
            "line": 113,
            "column": 7
          }
        },
        "line": 66
      },
      "10": {
        "name": "LoginComponent_Template_form_ngSubmit_10_listener",
        "decl": {
          "start": {
            "line": 77,
            "column": 43
          },
          "end": {
            "line": 77,
            "column": 92
          }
        },
        "loc": {
          "start": {
            "line": 77,
            "column": 95
          },
          "end": {
            "line": 77,
            "column": 121
          }
        },
        "line": 77
      }
    },
    "branchMap": {
      "0": {
        "loc": {
          "start": {
            "line": 11,
            "column": 57
          },
          "end": {
            "line": 15,
            "column": 1
          }
        },
        "type": "if",
        "locations": [
          {
            "start": {
              "line": 11,
              "column": 57
            },
            "end": {
              "line": 15,
              "column": 1
            }
          },
          {
            "start": {},
            "end": {}
          }
        ],
        "line": 11
      },
      "1": {
        "loc": {
          "start": {
            "line": 16,
            "column": 57
          },
          "end": {
            "line": 20,
            "column": 1
          }
        },
        "type": "if",
        "locations": [
          {
            "start": {
              "line": 16,
              "column": 57
            },
            "end": {
              "line": 20,
              "column": 1
            }
          },
          {
            "start": {},
            "end": {}
          }
        ],
        "line": 16
      },
      "2": {
        "loc": {
          "start": {
            "line": 21,
            "column": 57
          },
          "end": {
            "line": 25,
            "column": 1
          }
        },
        "type": "if",
        "locations": [
          {
            "start": {
              "line": 21,
              "column": 57
            },
            "end": {
              "line": 25,
              "column": 1
            }
          },
          {
            "start": {},
            "end": {}
          }
        ],
        "line": 21
      },
      "3": {
        "loc": {
          "start": {
            "line": 26,
            "column": 51
          },
          "end": {
            "line": 30,
            "column": 1
          }
        },
        "type": "if",
        "locations": [
          {
            "start": {
              "line": 26,
              "column": 51
            },
            "end": {
              "line": 30,
              "column": 1
            }
          },
          {
            "start": {},
            "end": {}
          }
        ],
        "line": 26
      },
      "4": {
        "loc": {
          "start": {
            "line": 30,
            "column": 2
          },
          "end": {
            "line": 34,
            "column": 1
          }
        },
        "type": "if",
        "locations": [
          {
            "start": {
              "line": 30,
              "column": 2
            },
            "end": {
              "line": 34,
              "column": 1
            }
          },
          {
            "start": {},
            "end": {}
          }
        ],
        "line": 30
      },
      "5": {
        "loc": {
          "start": {
            "line": 48,
            "column": 8
          },
          "end": {
            "line": 50,
            "column": 9
          }
        },
        "type": "if",
        "locations": [
          {
            "start": {
              "line": 48,
              "column": 8
            },
            "end": {
              "line": 50,
              "column": 9
            }
          },
          {
            "start": {},
            "end": {}
          }
        ],
        "line": 48
      },
      "6": {
        "loc": {
          "start": {
            "line": 59,
            "column": 36
          },
          "end": {
            "line": 59,
            "column": 81
          }
        },
        "type": "binary-expr",
        "locations": [
          {
            "start": {
              "line": 59,
              "column": 36
            },
            "end": {
              "line": 59,
              "column": 56
            }
          },
          {
            "start": {
              "line": 59,
              "column": 60
            },
            "end": {
              "line": 59,
              "column": 81
            }
          }
        ],
        "line": 59
      },
      "7": {
        "loc": {
          "start": {
            "line": 65,
            "column": 71
          },
          "end": {
            "line": 65,
            "column": 90
          }
        },
        "type": "binary-expr",
        "locations": [
          {
            "start": {
              "line": 65,
              "column": 71
            },
            "end": {
              "line": 65,
              "column": 72
            }
          },
          {
            "start": {
              "line": 65,
              "column": 76
            },
            "end": {
              "line": 65,
              "column": 90
            }
          }
        ],
        "line": 65
      },
      "8": {
        "loc": {
          "start": {
            "line": 66,
            "column": 773
          },
          "end": {
            "line": 95,
            "column": 5
          }
        },
        "type": "if",
        "locations": [
          {
            "start": {
              "line": 66,
              "column": 773
            },
            "end": {
              "line": 95,
              "column": 5
            }
          },
          {
            "start": {},
            "end": {}
          }
        ],
        "line": 66
      },
      "9": {
        "loc": {
          "start": {
            "line": 95,
            "column": 6
          },
          "end": {
            "line": 113,
            "column": 5
          }
        },
        "type": "if",
        "locations": [
          {
            "start": {
              "line": 95,
              "column": 6
            },
            "end": {
              "line": 113,
              "column": 5
            }
          },
          {
            "start": {},
            "end": {}
          }
        ],
        "line": 95
      },
      "10": {
        "loc": {
          "start": {
            "line": 102,
            "column": 30
          },
          "end": {
            "line": 102,
            "column": 124
          }
        },
        "type": "cond-expr",
        "locations": [
          {
            "start": {
              "line": 102,
              "column": 89
            },
            "end": {
              "line": 102,
              "column": 93
            }
          },
          {
            "start": {
              "line": 102,
              "column": 96
            },
            "end": {
              "line": 102,
              "column": 124
            }
          }
        ],
        "line": 102
      },
      "11": {
        "loc": {
          "start": {
            "line": 104,
            "column": 30
          },
          "end": {
            "line": 104,
            "column": 117
          }
        },
        "type": "cond-expr",
        "locations": [
          {
            "start": {
              "line": 104,
              "column": 82
            },
            "end": {
              "line": 104,
              "column": 86
            }
          },
          {
            "start": {
              "line": 104,
              "column": 89
            },
            "end": {
              "line": 104,
              "column": 117
            }
          }
        ],
        "line": 104
      },
      "12": {
        "loc": {
          "start": {
            "line": 106,
            "column": 30
          },
          "end": {
            "line": 106,
            "column": 118
          }
        },
        "type": "cond-expr",
        "locations": [
          {
            "start": {
              "line": 106,
              "column": 82
            },
            "end": {
              "line": 106,
              "column": 86
            }
          },
          {
            "start": {
              "line": 106,
              "column": 89
            },
            "end": {
              "line": 106,
              "column": 118
            }
          }
        ],
        "line": 106
      },
      "13": {
        "loc": {
          "start": {
            "line": 112,
            "column": 35
          },
          "end": {
            "line": 112,
            "column": 80
          }
        },
        "type": "cond-expr",
        "locations": [
          {
            "start": {
              "line": 112,
              "column": 49
            },
            "end": {
              "line": 112,
              "column": 63
            }
          },
          {
            "start": {
              "line": 112,
              "column": 66
            },
            "end": {
              "line": 112,
              "column": 80
            }
          }
        ],
        "line": 112
      }
    },
    "s": {
      "0": 311,
      "1": 47,
      "2": 47,
      "3": 47,
      "4": 909,
      "5": 47,
      "6": 47,
      "7": 47,
      "8": 630,
      "9": 42,
      "10": 42,
      "11": 42,
      "12": 5,
      "13": 1,
      "14": 1,
      "15": 1,
      "16": 5,
      "17": 4,
      "18": 4,
      "19": 4,
      "20": 47,
      "21": 47,
      "22": 47,
      "23": 47,
      "24": 47,
      "25": 47,
      "26": 43,
      "27": 1,
      "28": 42,
      "29": 42,
      "30": 42,
      "31": 41,
      "32": 41,
      "33": 1,
      "34": 1,
      "35": 61,
      "36": 47,
      "37": 61,
      "38": 1845,
      "39": 47,
      "40": 47,
      "41": 47,
      "42": 47,
      "43": 47,
      "44": 47,
      "45": 47,
      "46": 47,
      "47": 47,
      "48": 47,
      "49": 47,
      "50": 43,
      "51": 47,
      "52": 47,
      "53": 47,
      "54": 47,
      "55": 47,
      "56": 47,
      "57": 47,
      "58": 47,
      "59": 47,
      "60": 47,
      "61": 47,
      "62": 47,
      "63": 47,
      "64": 47,
      "65": 47,
      "66": 47,
      "67": 47,
      "68": 1845,
      "69": 1798,
      "70": 1798,
      "71": 1798,
      "72": 1798,
      "73": 1798,
      "74": 1798,
      "75": 1798,
      "76": 1798,
      "77": 1798,
      "78": 1798,
      "79": 1798,
      "80": 1798,
      "81": 1798,
      "82": 1798
    },
    "f": {
      "0": 311,
      "1": 909,
      "2": 630,
      "3": 5,
      "4": 47,
      "5": 43,
      "6": 41,
      "7": 1,
      "8": 47,
      "9": 1845,
      "10": 43
    },
    "b": {
      "0": [
        47,
        264
      ],
      "1": [
        47,
        862
      ],
      "2": [
        42,
        588
      ],
      "3": [
        1,
        4
      ],
      "4": [
        4,
        1
      ],
      "5": [
        1,
        42
      ],
      "6": [
        1,
        1
      ],
      "7": [
        47,
        47
      ],
      "8": [
        47,
        1798
      ],
      "9": [
        1798,
        47
      ],
      "10": [
        0,
        1798
      ],
      "11": [
        0,
        1798
      ],
      "12": [
        0,
        1798
      ],
      "13": [
        84,
        1714
      ]
    },
    "inputSourceMap": {
      "version": 3,
      "file": "login.component.js",
      "sourceRoot": "",
      "sources": [
        "C:\\Users\\PC\\eclipse-workspace\\OpenClassrooms\\Developpez-une-application-full-stack-complete\\front\\src\\app\\pages\\auth\\login\\login.component.ts",
        "C:\\Users\\PC\\eclipse-workspace\\OpenClassrooms\\Developpez-une-application-full-stack-complete\\front\\src\\app\\pages\\auth\\login\\login.component.html"
      ],
      "names": [],
      "mappings": "AACA,OAAO,EAA0B,UAAU,EAAE,MAAM,gBAAgB,CAAC;;;;;;;;;;;ICuC1D,iCAA0E;IACxE,qCACF;IAAA,iBAAY;;;IAaZ,iCAAmE;IACjE,qCACF;IAAA,iBAAY;;;IAEZ,iCAAoE;IAClE,2CACF;IAAA,iBAAY;;;IAId,+BAEwB;IAEtB,YAEF;IAAA,iBAAM;;;IAFJ,eAEF;IAFE,oDAEF;;AD5DR,MAAM,OAAO,cAAc;IASzB,YACU,EAAe,EACf,WAAwB,EACxB,MAAc;QAFd,OAAE,GAAF,EAAE,CAAa;QACf,gBAAW,GAAX,WAAW,CAAa;QACxB,WAAM,GAAN,MAAM,CAAQ;QARxB,iBAAY,GAAW,EAAE,CAAC;QAC1B,YAAO,GAAY,KAAK,CAAC;QASvB,IAAI,CAAC,SAAS,GAAG,IAAI,CAAC,EAAE,CAAC,KAAK,CAAC;YAC7B,eAAe,EAAE,CAAC,EAAE,EAAE,CAAC,UAAU,CAAC,QAAQ,CAAC,CAAC;YAC5C,QAAQ,EAAE,CAAC,EAAE,EAAE,CAAC,UAAU,CAAC,QAAQ,EAAE,UAAU,CAAC,SAAS,CAAC,CAAC,CAAC,CAAC,CAAC;SAC/D,CAAC,CAAC;IACL,CAAC;IAMD,QAAQ;QACN,IAAI,IAAI,CAAC,SAAS,CAAC,OAAO,EAAE;YAC1B,OAAO;SACR;QAED,IAAI,CAAC,OAAO,GAAG,IAAI,CAAC;QACpB,IAAI,CAAC,YAAY,GAAG,EAAE,CAAC;QAEvB,IAAI,CAAC,WAAW,CAAC,KAAK,CAAC,IAAI,CAAC,SAAS,CAAC,KAAK,CAAC,CAAC,SAAS,CAAC;YACrD,IAAI,EAAE,CAAC,QAAQ,EAAE,EAAE;gBACjB,IAAI,CAAC,WAAW,CAAC,SAAS,CAAC,QAAQ,CAAC,KAAK,CAAC,CAAC;gBAC3C,IAAI,CAAC,MAAM,CAAC,QAAQ,CAAC,CAAC,OAAO,CAAC,CAAC,CAAC;YAClC,CAAC;YACD,KAAK,EAAE,CAAC,KAAK,EAAE,EAAE;gBACf,IAAI,CAAC,YAAY,GAAG,KAAK,CAAC,KAAK,EAAE,OAAO,IAAI,qBAAqB,CAAC;gBAClE,IAAI,CAAC,OAAO,GAAG,KAAK,CAAC;YACvB,CAAC;SACF,CAAC,CAAC;IACL,CAAC;;4EA1CU,cAAc;iEAAd,cAAc;QCX3B,8BAA6B,gBAAA;QAIzB,yBAIiB;QACnB,iBAAS;QAGT,8BAA2B,gBAAA,eAAA;QAQb,0BAAU;QAAA,iBAAW,EAAA;QAKjC,8BAAwB,SAAA;QAElB,4BAAY;QAAA,iBAAK;QAErB,gCAC8B;QAAxB,gGAAY,cAAU,IAAC;QAE3B,0CAAqC,iBAAA;QAExB,2CAA0B;QAAA,iBAAY;QAEjD,4BAEoC;QAEpC,6EAEY;QAEd,iBAAiB;QAEjB,0CAAqC,iBAAA;QAExB,6BAAY;QAAA,iBAAY;QAEnC,6BAG6B;QAE7B,6EAEY;QAEZ,6EAEY;QAEd,iBAAiB;QAEjB,kEAMM;QAEN,mCAKuB;QAErB,aAEF;QAAA,iBAAS,EAAA,EAAA,EAAA,EAAA;;;;;QArDL,gBAAuB;QAAvB,yCAAuB;QAWb,eAA4D;QAA5D,qHAA4D;QAe5D,eAAqD;QAArD,8GAAqD;QAIrD,eAAsD;QAAtD,+GAAsD;QAOjE,eAAkB;QAAlB,uCAAkB;QAYnB,eAAoB;QAApB,sCAAoB;QAEpB,eAEF;QAFE,8EAEF",
      "sourcesContent": [
        "import { Component } from '@angular/core';\r\nimport { FormBuilder, FormGroup, Validators } from '@angular/forms';\r\nimport { Router } from '@angular/router';\r\nimport { AuthService } from '../../../core/services/auth.service';\r\n\r\n@Component({\r\n  selector: 'app-login',\r\n  templateUrl: './login.component.html',\r\n  styleUrls: ['./login.component.scss']\r\n})\r\n\r\nexport class LoginComponent {\r\n\r\n\r\n  loginForm: FormGroup;\r\n  errorMessage: string = '';\r\n  loading: boolean = false;\r\n\r\n\r\n\r\n  constructor(\r\n    private fb: FormBuilder,\r\n    private authService: AuthService,\r\n    private router: Router\r\n  ) {\r\n    this.loginForm = this.fb.group({\r\n      usernameOrEmail: ['', [Validators.required]],\r\n      password: ['', [Validators.required, Validators.minLength(8)]]\r\n    });\r\n  }\r\n\r\n\r\n\r\n  \r\n  \r\n  onSubmit(): void {\r\n    if (this.loginForm.invalid) {\r\n      return;\r\n    }\r\n\r\n    this.loading = true;\r\n    this.errorMessage = '';\r\n\r\n    this.authService.login(this.loginForm.value).subscribe({\r\n      next: (response) => {\r\n        this.authService.saveToken(response.token);\r\n        this.router.navigate(['/feed']);\r\n      },\r\n      error: (error) => {\r\n        this.errorMessage = error.error?.message || 'Erreur de connexion';\r\n        this.loading = false;\r\n      }\r\n    });\r\n  }\r\n}",
        "<div class=\"login-container\">\r\n\r\n  <!-- Header -->\r\n  <header class=\"header\">\r\n    <img\r\n      src=\"/assets/logo_p6.png\"\r\n      alt=\"MDD\"\r\n      class=\"header-logo\"\r\n      routerLink=\"/\">\r\n  </header>\r\n\r\n  <!-- Contenu -->\r\n  <div class=\"login-content\">\r\n\r\n    <!-- Flèche retour -->\r\n    <button\r\n      mat-icon-button\r\n      class=\"back-button\"\r\n      routerLink=\"/\">\r\n\r\n      <mat-icon>arrow_back</mat-icon>\r\n\r\n    </button>\r\n\r\n    <!-- Formulaire -->\r\n    <div class=\"login-card\">\r\n\r\n      <h2>Se connecter</h2>\r\n\r\n      <form [formGroup]=\"loginForm\"\r\n            (ngSubmit)=\"onSubmit()\">\r\n\r\n        <mat-form-field appearance=\"outline\">\r\n\r\n          <mat-label>Email ou nom d'utilisateur</mat-label>\r\n\r\n          <input\r\n            matInput\r\n            formControlName=\"usernameOrEmail\">\r\n\r\n          <mat-error *ngIf=\"loginForm.get('usernameOrEmail')?.hasError('required')\">\r\n            Ce champ est requis\r\n          </mat-error>\r\n\r\n        </mat-form-field>\r\n\r\n        <mat-form-field appearance=\"outline\">\r\n\r\n          <mat-label>Mot de passe</mat-label>\r\n\r\n          <input\r\n            matInput\r\n            type=\"password\"\r\n            formControlName=\"password\">\r\n\r\n          <mat-error *ngIf=\"loginForm.get('password')?.hasError('required')\">\r\n            Ce champ est requis\r\n          </mat-error>\r\n\r\n          <mat-error *ngIf=\"loginForm.get('password')?.hasError('minlength')\">\r\n            Minimum 8 caractères\r\n          </mat-error>\r\n\r\n        </mat-form-field>\r\n\r\n        <div\r\n          *ngIf=\"errorMessage\"\r\n          class=\"error-message\">\r\n\r\n          {{ errorMessage }}\r\n\r\n        </div>\r\n\r\n        <button\r\n          mat-raised-button\r\n          color=\"primary\"\r\n          class=\"login-button\"\r\n          type=\"submit\"\r\n          [disabled]=\"loading\">\r\n\r\n          {{ loading ? 'Connexion...' : 'Se connecter' }}\r\n\r\n        </button>\r\n\r\n      </form>\r\n\r\n    </div>\r\n\r\n  </div>\r\n\r\n</div>"
      ]
    },
    "_coverageSchema": "1a1c01bbd47fc00a2c39e90264f33305004495a9",
    "hash": "13e56735f3393ddccb7704f37194db55c0178ebc"
  },
  "C:\\Users\\PC\\eclipse-workspace\\OpenClassrooms\\Developpez-une-application-full-stack-complete\\front\\src\\app\\pages\\auth\\register\\register.component.ts": {
    "path": "C:\\Users\\PC\\eclipse-workspace\\OpenClassrooms\\Developpez-une-application-full-stack-complete\\front\\src\\app\\pages\\auth\\register\\register.component.ts",
    "statementMap": {
      "0": {
        "start": {
          "line": 11,
          "column": 60
        },
        "end": {
          "line": 15,
          "column": 1
        }
      },
      "1": {
        "start": {
          "line": 12,
          "column": 4
        },
        "end": {
          "line": 12,
          "column": 38
        }
      },
      "2": {
        "start": {
          "line": 13,
          "column": 4
        },
        "end": {
          "line": 13,
          "column": 42
        }
      },
      "3": {
        "start": {
          "line": 14,
          "column": 4
        },
        "end": {
          "line": 14,
          "column": 22
        }
      },
      "4": {
        "start": {
          "line": 16,
          "column": 60
        },
        "end": {
          "line": 20,
          "column": 1
        }
      },
      "5": {
        "start": {
          "line": 17,
          "column": 4
        },
        "end": {
          "line": 17,
          "column": 38
        }
      },
      "6": {
        "start": {
          "line": 18,
          "column": 4
        },
        "end": {
          "line": 18,
          "column": 48
        }
      },
      "7": {
        "start": {
          "line": 19,
          "column": 4
        },
        "end": {
          "line": 19,
          "column": 22
        }
      },
      "8": {
        "start": {
          "line": 21,
          "column": 60
        },
        "end": {
          "line": 25,
          "column": 1
        }
      },
      "9": {
        "start": {
          "line": 22,
          "column": 4
        },
        "end": {
          "line": 22,
          "column": 38
        }
      },
      "10": {
        "start": {
          "line": 23,
          "column": 4
        },
        "end": {
          "line": 23,
          "column": 42
        }
      },
      "11": {
        "start": {
          "line": 24,
          "column": 4
        },
        "end": {
          "line": 24,
          "column": 22
        }
      },
      "12": {
        "start": {
          "line": 26,
          "column": 60
        },
        "end": {
          "line": 30,
          "column": 1
        }
      },
      "13": {
        "start": {
          "line": 27,
          "column": 4
        },
        "end": {
          "line": 27,
          "column": 38
        }
      },
      "14": {
        "start": {
          "line": 28,
          "column": 4
        },
        "end": {
          "line": 28,
          "column": 37
        }
      },
      "15": {
        "start": {
          "line": 29,
          "column": 4
        },
        "end": {
          "line": 29,
          "column": 22
        }
      },
      "16": {
        "start": {
          "line": 31,
          "column": 60
        },
        "end": {
          "line": 35,
          "column": 1
        }
      },
      "17": {
        "start": {
          "line": 32,
          "column": 4
        },
        "end": {
          "line": 32,
          "column": 38
        }
      },
      "18": {
        "start": {
          "line": 33,
          "column": 4
        },
        "end": {
          "line": 33,
          "column": 42
        }
      },
      "19": {
        "start": {
          "line": 34,
          "column": 4
        },
        "end": {
          "line": 34,
          "column": 22
        }
      },
      "20": {
        "start": {
          "line": 36,
          "column": 60
        },
        "end": {
          "line": 40,
          "column": 1
        }
      },
      "21": {
        "start": {
          "line": 37,
          "column": 4
        },
        "end": {
          "line": 37,
          "column": 38
        }
      },
      "22": {
        "start": {
          "line": 38,
          "column": 4
        },
        "end": {
          "line": 38,
          "column": 48
        }
      },
      "23": {
        "start": {
          "line": 39,
          "column": 4
        },
        "end": {
          "line": 39,
          "column": 22
        }
      },
      "24": {
        "start": {
          "line": 41,
          "column": 60
        },
        "end": {
          "line": 45,
          "column": 1
        }
      },
      "25": {
        "start": {
          "line": 42,
          "column": 4
        },
        "end": {
          "line": 42,
          "column": 38
        }
      },
      "26": {
        "start": {
          "line": 43,
          "column": 4
        },
        "end": {
          "line": 43,
          "column": 111
        }
      },
      "27": {
        "start": {
          "line": 44,
          "column": 4
        },
        "end": {
          "line": 44,
          "column": 22
        }
      },
      "28": {
        "start": {
          "line": 46,
          "column": 54
        },
        "end": {
          "line": 50,
          "column": 1
        }
      },
      "29": {
        "start": {
          "line": 47,
          "column": 4
        },
        "end": {
          "line": 47,
          "column": 36
        }
      },
      "30": {
        "start": {
          "line": 48,
          "column": 4
        },
        "end": {
          "line": 48,
          "column": 17
        }
      },
      "31": {
        "start": {
          "line": 49,
          "column": 4
        },
        "end": {
          "line": 49,
          "column": 22
        }
      },
      "32": {
        "start": {
          "line": 50,
          "column": 2
        },
        "end": {
          "line": 54,
          "column": 1
        }
      },
      "33": {
        "start": {
          "line": 51,
          "column": 19
        },
        "end": {
          "line": 51,
          "column": 37
        }
      },
      "34": {
        "start": {
          "line": 52,
          "column": 4
        },
        "end": {
          "line": 52,
          "column": 20
        }
      },
      "35": {
        "start": {
          "line": 53,
          "column": 4
        },
        "end": {
          "line": 53,
          "column": 57
        }
      },
      "36": {
        "start": {
          "line": 57,
          "column": 8
        },
        "end": {
          "line": 57,
          "column": 21
        }
      },
      "37": {
        "start": {
          "line": 58,
          "column": 8
        },
        "end": {
          "line": 58,
          "column": 39
        }
      },
      "38": {
        "start": {
          "line": 59,
          "column": 8
        },
        "end": {
          "line": 59,
          "column": 29
        }
      },
      "39": {
        "start": {
          "line": 60,
          "column": 8
        },
        "end": {
          "line": 60,
          "column": 31
        }
      },
      "40": {
        "start": {
          "line": 61,
          "column": 8
        },
        "end": {
          "line": 61,
          "column": 29
        }
      },
      "41": {
        "start": {
          "line": 62,
          "column": 8
        },
        "end": {
          "line": 70,
          "column": 11
        }
      },
      "42": {
        "start": {
          "line": 73,
          "column": 8
        },
        "end": {
          "line": 75,
          "column": 9
        }
      },
      "43": {
        "start": {
          "line": 74,
          "column": 12
        },
        "end": {
          "line": 74,
          "column": 19
        }
      },
      "44": {
        "start": {
          "line": 76,
          "column": 8
        },
        "end": {
          "line": 76,
          "column": 28
        }
      },
      "45": {
        "start": {
          "line": 77,
          "column": 8
        },
        "end": {
          "line": 77,
          "column": 31
        }
      },
      "46": {
        "start": {
          "line": 78,
          "column": 8
        },
        "end": {
          "line": 87,
          "column": 11
        }
      },
      "47": {
        "start": {
          "line": 80,
          "column": 16
        },
        "end": {
          "line": 80,
          "column": 59
        }
      },
      "48": {
        "start": {
          "line": 81,
          "column": 16
        },
        "end": {
          "line": 81,
          "column": 48
        }
      },
      "49": {
        "start": {
          "line": 84,
          "column": 16
        },
        "end": {
          "line": 84,
          "column": 84
        }
      },
      "50": {
        "start": {
          "line": 85,
          "column": 16
        },
        "end": {
          "line": 85,
          "column": 37
        }
      },
      "51": {
        "start": {
          "line": 90,
          "column": 0
        },
        "end": {
          "line": 90,
          "column": 213
        }
      },
      "52": {
        "start": {
          "line": 90,
          "column": 65
        },
        "end": {
          "line": 90,
          "column": 210
        }
      },
      "53": {
        "start": {
          "line": 91,
          "column": 0
        },
        "end": {
          "line": 159,
          "column": 13833
        }
      },
      "54": {
        "start": {
          "line": 91,
          "column": 837
        },
        "end": {
          "line": 129,
          "column": 5
        }
      },
      "55": {
        "start": {
          "line": 92,
          "column": 8
        },
        "end": {
          "line": 92,
          "column": 55
        }
      },
      "56": {
        "start": {
          "line": 93,
          "column": 8
        },
        "end": {
          "line": 93,
          "column": 34
        }
      },
      "57": {
        "start": {
          "line": 94,
          "column": 8
        },
        "end": {
          "line": 94,
          "column": 26
        }
      },
      "58": {
        "start": {
          "line": 95,
          "column": 8
        },
        "end": {
          "line": 95,
          "column": 70
        }
      },
      "59": {
        "start": {
          "line": 96,
          "column": 8
        },
        "end": {
          "line": 96,
          "column": 35
        }
      },
      "60": {
        "start": {
          "line": 97,
          "column": 8
        },
        "end": {
          "line": 97,
          "column": 28
        }
      },
      "61": {
        "start": {
          "line": 98,
          "column": 8
        },
        "end": {
          "line": 98,
          "column": 48
        }
      },
      "62": {
        "start": {
          "line": 99,
          "column": 8
        },
        "end": {
          "line": 99,
          "column": 36
        }
      },
      "63": {
        "start": {
          "line": 100,
          "column": 8
        },
        "end": {
          "line": 100,
          "column": 26
        }
      },
      "64": {
        "start": {
          "line": 101,
          "column": 8
        },
        "end": {
          "line": 101,
          "column": 41
        }
      },
      "65": {
        "start": {
          "line": 102,
          "column": 8
        },
        "end": {
          "line": 102,
          "column": 126
        }
      },
      "66": {
        "start": {
          "line": 102,
          "column": 100
        },
        "end": {
          "line": 102,
          "column": 122
        }
      },
      "67": {
        "start": {
          "line": 103,
          "column": 8
        },
        "end": {
          "line": 103,
          "column": 68
        }
      },
      "68": {
        "start": {
          "line": 104,
          "column": 8
        },
        "end": {
          "line": 104,
          "column": 43
        }
      },
      "69": {
        "start": {
          "line": 105,
          "column": 8
        },
        "end": {
          "line": 105,
          "column": 26
        }
      },
      "70": {
        "start": {
          "line": 106,
          "column": 8
        },
        "end": {
          "line": 106,
          "column": 37
        }
      },
      "71": {
        "start": {
          "line": 107,
          "column": 8
        },
        "end": {
          "line": 107,
          "column": 89
        }
      },
      "72": {
        "start": {
          "line": 108,
          "column": 8
        },
        "end": {
          "line": 108,
          "column": 89
        }
      },
      "73": {
        "start": {
          "line": 109,
          "column": 8
        },
        "end": {
          "line": 109,
          "column": 26
        }
      },
      "74": {
        "start": {
          "line": 110,
          "column": 8
        },
        "end": {
          "line": 110,
          "column": 68
        }
      },
      "75": {
        "start": {
          "line": 111,
          "column": 8
        },
        "end": {
          "line": 111,
          "column": 40
        }
      },
      "76": {
        "start": {
          "line": 112,
          "column": 8
        },
        "end": {
          "line": 112,
          "column": 26
        }
      },
      "77": {
        "start": {
          "line": 113,
          "column": 8
        },
        "end": {
          "line": 113,
          "column": 38
        }
      },
      "78": {
        "start": {
          "line": 114,
          "column": 8
        },
        "end": {
          "line": 114,
          "column": 89
        }
      },
      "79": {
        "start": {
          "line": 115,
          "column": 8
        },
        "end": {
          "line": 115,
          "column": 89
        }
      },
      "80": {
        "start": {
          "line": 116,
          "column": 8
        },
        "end": {
          "line": 116,
          "column": 26
        }
      },
      "81": {
        "start": {
          "line": 117,
          "column": 8
        },
        "end": {
          "line": 117,
          "column": 68
        }
      },
      "82": {
        "start": {
          "line": 118,
          "column": 8
        },
        "end": {
          "line": 118,
          "column": 38
        }
      },
      "83": {
        "start": {
          "line": 119,
          "column": 8
        },
        "end": {
          "line": 119,
          "column": 26
        }
      },
      "84": {
        "start": {
          "line": 120,
          "column": 8
        },
        "end": {
          "line": 120,
          "column": 38
        }
      },
      "85": {
        "start": {
          "line": 121,
          "column": 8
        },
        "end": {
          "line": 121,
          "column": 89
        }
      },
      "86": {
        "start": {
          "line": 122,
          "column": 8
        },
        "end": {
          "line": 122,
          "column": 89
        }
      },
      "87": {
        "start": {
          "line": 123,
          "column": 8
        },
        "end": {
          "line": 123,
          "column": 89
        }
      },
      "88": {
        "start": {
          "line": 124,
          "column": 8
        },
        "end": {
          "line": 124,
          "column": 26
        }
      },
      "89": {
        "start": {
          "line": 125,
          "column": 8
        },
        "end": {
          "line": 125,
          "column": 78
        }
      },
      "90": {
        "start": {
          "line": 126,
          "column": 8
        },
        "end": {
          "line": 126,
          "column": 44
        }
      },
      "91": {
        "start": {
          "line": 127,
          "column": 8
        },
        "end": {
          "line": 127,
          "column": 22
        }
      },
      "92": {
        "start": {
          "line": 128,
          "column": 8
        },
        "end": {
          "line": 128,
          "column": 34
        }
      },
      "93": {
        "start": {
          "line": 129,
          "column": 6
        },
        "end": {
          "line": 159,
          "column": 5
        }
      },
      "94": {
        "start": {
          "line": 137,
          "column": 8
        },
        "end": {
          "line": 137,
          "column": 25
        }
      },
      "95": {
        "start": {
          "line": 138,
          "column": 8
        },
        "end": {
          "line": 138,
          "column": 53
        }
      },
      "96": {
        "start": {
          "line": 139,
          "column": 8
        },
        "end": {
          "line": 139,
          "column": 24
        }
      },
      "97": {
        "start": {
          "line": 140,
          "column": 8
        },
        "end": {
          "line": 140,
          "column": 122
        }
      },
      "98": {
        "start": {
          "line": 141,
          "column": 8
        },
        "end": {
          "line": 141,
          "column": 24
        }
      },
      "99": {
        "start": {
          "line": 142,
          "column": 8
        },
        "end": {
          "line": 142,
          "column": 123
        }
      },
      "100": {
        "start": {
          "line": 143,
          "column": 8
        },
        "end": {
          "line": 143,
          "column": 24
        }
      },
      "101": {
        "start": {
          "line": 144,
          "column": 8
        },
        "end": {
          "line": 144,
          "column": 119
        }
      },
      "102": {
        "start": {
          "line": 145,
          "column": 8
        },
        "end": {
          "line": 145,
          "column": 24
        }
      },
      "103": {
        "start": {
          "line": 146,
          "column": 8
        },
        "end": {
          "line": 146,
          "column": 116
        }
      },
      "104": {
        "start": {
          "line": 147,
          "column": 8
        },
        "end": {
          "line": 147,
          "column": 24
        }
      },
      "105": {
        "start": {
          "line": 148,
          "column": 8
        },
        "end": {
          "line": 148,
          "column": 122
        }
      },
      "106": {
        "start": {
          "line": 149,
          "column": 8
        },
        "end": {
          "line": 149,
          "column": 24
        }
      },
      "107": {
        "start": {
          "line": 150,
          "column": 8
        },
        "end": {
          "line": 150,
          "column": 123
        }
      },
      "108": {
        "start": {
          "line": 151,
          "column": 8
        },
        "end": {
          "line": 151,
          "column": 24
        }
      },
      "109": {
        "start": {
          "line": 152,
          "column": 8
        },
        "end": {
          "line": 152,
          "column": 121
        }
      },
      "110": {
        "start": {
          "line": 153,
          "column": 8
        },
        "end": {
          "line": 153,
          "column": 24
        }
      },
      "111": {
        "start": {
          "line": 154,
          "column": 8
        },
        "end": {
          "line": 154,
          "column": 48
        }
      },
      "112": {
        "start": {
          "line": 155,
          "column": 8
        },
        "end": {
          "line": 155,
          "column": 24
        }
      },
      "113": {
        "start": {
          "line": 156,
          "column": 8
        },
        "end": {
          "line": 156,
          "column": 47
        }
      },
      "114": {
        "start": {
          "line": 157,
          "column": 8
        },
        "end": {
          "line": 157,
          "column": 24
        }
      },
      "115": {
        "start": {
          "line": 158,
          "column": 8
        },
        "end": {
          "line": 158,
          "column": 87
        }
      }
    },
    "fnMap": {
      "0": {
        "name": "RegisterComponent_mat_error_15_Template",
        "decl": {
          "start": {
            "line": 11,
            "column": 9
          },
          "end": {
            "line": 11,
            "column": 48
          }
        },
        "loc": {
          "start": {
            "line": 11,
            "column": 58
          },
          "end": {
            "line": 15,
            "column": 3
          }
        },
        "line": 11
      },
      "1": {
        "name": "RegisterComponent_mat_error_16_Template",
        "decl": {
          "start": {
            "line": 16,
            "column": 9
          },
          "end": {
            "line": 16,
            "column": 48
          }
        },
        "loc": {
          "start": {
            "line": 16,
            "column": 58
          },
          "end": {
            "line": 20,
            "column": 3
          }
        },
        "line": 16
      },
      "2": {
        "name": "RegisterComponent_mat_error_21_Template",
        "decl": {
          "start": {
            "line": 21,
            "column": 9
          },
          "end": {
            "line": 21,
            "column": 48
          }
        },
        "loc": {
          "start": {
            "line": 21,
            "column": 58
          },
          "end": {
            "line": 25,
            "column": 3
          }
        },
        "line": 21
      },
      "3": {
        "name": "RegisterComponent_mat_error_22_Template",
        "decl": {
          "start": {
            "line": 26,
            "column": 9
          },
          "end": {
            "line": 26,
            "column": 48
          }
        },
        "loc": {
          "start": {
            "line": 26,
            "column": 58
          },
          "end": {
            "line": 30,
            "column": 3
          }
        },
        "line": 26
      },
      "4": {
        "name": "RegisterComponent_mat_error_27_Template",
        "decl": {
          "start": {
            "line": 31,
            "column": 9
          },
          "end": {
            "line": 31,
            "column": 48
          }
        },
        "loc": {
          "start": {
            "line": 31,
            "column": 58
          },
          "end": {
            "line": 35,
            "column": 3
          }
        },
        "line": 31
      },
      "5": {
        "name": "RegisterComponent_mat_error_28_Template",
        "decl": {
          "start": {
[...]
      ]
    },
    "_coverageSchema": "1a1c01bbd47fc00a2c39e90264f33305004495a9",
    "hash": "4a4eedaf8c77e29fc2197a6adad73bdef3a23edc"
  },
  "C:\\Users\\PC\\eclipse-workspace\\OpenClassrooms\\Developpez-une-application-full-stack-complete\\front\\src\\app\\app.component.ts": {
    "path": "C:\\Users\\PC\\eclipse-workspace\\OpenClassrooms\\Developpez-une-application-full-stack-complete\\front\\src\\app\\app.component.ts",
    "statementMap": {
      "0": {
        "start": {
          "line": 6,
          "column": 55
        },
        "end": {
          "line": 8,
          "column": 1
        }
      },
      "1": {
        "start": {
          "line": 7,
          "column": 4
        },
        "end": {
          "line": 7,
          "column": 34
        }
      },
      "2": {
        "start": {
          "line": 11,
          "column": 8
        },
        "end": {
          "line": 11,
          "column": 39
        }
      },
      "3": {
        "start": {
          "line": 12,
          "column": 8
        },
        "end": {
          "line": 12,
          "column": 29
        }
      },
      "4": {
        "start": {
          "line": 15,
          "column": 8
        },
        "end": {
          "line": 15,
          "column": 50
        }
      },
      "5": {
        "start": {
          "line": 18,
          "column": 0
        },
        "end": {
          "line": 18,
          "column": 127
        }
      },
      "6": {
        "start": {
          "line": 18,
          "column": 55
        },
        "end": {
          "line": 18,
          "column": 124
        }
      },
      "7": {
        "start": {
          "line": 19,
          "column": 0
        },
        "end": {
          "line": 24,
          "column": 250
        }
      },
      "8": {
        "start": {
          "line": 19,
          "column": 198
        },
        "end": {
          "line": 22,
          "column": 5
        }
      },
      "9": {
        "start": {
          "line": 20,
          "column": 8
        },
        "end": {
          "line": 20,
          "column": 84
        }
      },
      "10": {
        "start": {
          "line": 21,
          "column": 8
        },
        "end": {
          "line": 21,
          "column": 41
        }
      },
      "11": {
        "start": {
          "line": 22,
          "column": 6
        },
        "end": {
          "line": 24,
          "column": 5
        }
      },
      "12": {
        "start": {
          "line": 23,
          "column": 8
        },
        "end": {
          "line": 23,
          "column": 51
        }
      }
    },
    "fnMap": {
      "0": {
        "name": "AppComponent_app_header_0_Template",
        "decl": {
          "start": {
            "line": 6,
            "column": 9
          },
          "end": {
            "line": 6,
            "column": 43
          }
        },
        "loc": {
          "start": {
            "line": 6,
            "column": 53
          },
          "end": {
            "line": 8,
            "column": 3
          }
        },
        "line": 6
      },
      "1": {
        "name": "(anonymous_1)",
        "decl": {
          "start": {
            "line": 10,
            "column": 4
          },
          "end": {
            "line": 10,
            "column": 5
          }
        },
        "loc": {
          "start": {
            "line": 10,
            "column": 29
          },
          "end": {
            "line": 13,
            "column": 5
          }
        },
        "line": 10
      },
      "2": {
        "name": "(anonymous_2)",
        "decl": {
          "start": {
            "line": 14,
            "column": 4
          },
          "end": {
            "line": 14,
            "column": 5
          }
        },
        "loc": {
          "start": {
            "line": 14,
            "column": 26
          },
          "end": {
            "line": 16,
            "column": 5
          }
        },
        "line": 14
      },
      "3": {
        "name": "AppComponent_Factory",
        "decl": {
          "start": {
            "line": 18,
            "column": 29
          },
          "end": {
            "line": 18,
            "column": 49
          }
        },
        "loc": {
          "start": {
            "line": 18,
            "column": 53
          },
          "end": {
            "line": 18,
            "column": 126
          }
        },
        "line": 18
      },
      "4": {
        "name": "AppComponent_Template",
        "decl": {
          "start": {
            "line": 19,
            "column": 165
          },
          "end": {
            "line": 19,
            "column": 186
          }
        },
        "loc": {
          "start": {
            "line": 19,
            "column": 196
          },
          "end": {
            "line": 24,
            "column": 7
          }
        },
        "line": 19
      }
    },
    "branchMap": {
      "0": {
        "loc": {
          "start": {
            "line": 6,
            "column": 55
          },
          "end": {
            "line": 8,
            "column": 1
          }
        },
        "type": "if",
        "locations": [
          {
            "start": {
              "line": 6,
              "column": 55
            },
            "end": {
              "line": 8,
              "column": 1
            }
          },
          {
            "start": {},
            "end": {}
          }
        ],
        "line": 6
      },
      "1": {
        "loc": {
          "start": {
            "line": 18,
            "column": 67
          },
          "end": {
            "line": 18,
            "column": 84
          }
        },
        "type": "binary-expr",
        "locations": [
          {
            "start": {
              "line": 18,
              "column": 67
            },
            "end": {
              "line": 18,
              "column": 68
            }
          },
          {
            "start": {
              "line": 18,
              "column": 72
            },
            "end": {
              "line": 18,
              "column": 84
            }
          }
        ],
        "line": 18
      },
      "2": {
        "loc": {
          "start": {
            "line": 19,
            "column": 198
          },
          "end": {
            "line": 22,
            "column": 5
          }
        },
        "type": "if",
        "locations": [
          {
            "start": {
              "line": 19,
              "column": 198
            },
            "end": {
              "line": 22,
              "column": 5
            }
          },
          {
            "start": {},
            "end": {}
          }
        ],
        "line": 19
      },
      "3": {
        "loc": {
          "start": {
            "line": 22,
            "column": 6
          },
          "end": {
            "line": 24,
            "column": 5
          }
        },
        "type": "if",
        "locations": [
          {
            "start": {
              "line": 22,
              "column": 6
            },
            "end": {
              "line": 24,
              "column": 5
            }
          },
          {
            "start": {},
            "end": {}
          }
        ],
        "line": 22
      }
    },
    "s": {
      "0": 2873,
      "1": 51,
      "2": 61,
      "3": 61,
      "4": 5010,
      "5": 61,
      "6": 61,
      "7": 61,
      "8": 5071,
      "9": 61,
      "10": 61,
      "11": 5071,
      "12": 5010
    },
    "f": {
      "0": 2873,
      "1": 61,
      "2": 5010,
      "3": 61,
      "4": 5071
    },
    "b": {
      "0": [
        51,
        2822
      ],
      "1": [
        61,
        61
      ],
      "2": [
        61,
        5010
      ],
      "3": [
        5010,
        61
      ]
    },
    "inputSourceMap": {
      "version": 3,
      "file": "app.component.js",
      "sourceRoot": "",
      "sources": [
        "C:\\Users\\PC\\eclipse-workspace\\OpenClassrooms\\Developpez-une-application-full-stack-complete\\front\\src\\app\\app.component.ts",
        "C:\\Users\\PC\\eclipse-workspace\\OpenClassrooms\\Developpez-une-application-full-stack-complete\\front\\src\\app\\app.component.html"
      ],
      "names": [],
      "mappings": ";;;;;;ICAA,6BAAiD;;ADSjD,MAAM,OAAO,YAAY;IAOvB,YAAoB,WAAwB;QAAxB,gBAAW,GAAX,WAAW,CAAa;QAL5C,UAAK,GAAG,OAAO,CAAC;IAK8B,CAAC;IAI/C,IAAI,eAAe;QACjB,OAAO,IAAI,CAAC,WAAW,CAAC,eAAe,EAAE,CAAC;IAC5C,CAAC;;wEAbU,YAAY;+DAAZ,YAAY;QCTzB,2EAAiD;QACjD,gCAA+B;;QADlB,0CAAqB",
      "sourcesContent": [
        "import { Component } from '@angular/core';\r\nimport { AuthService } from './core/services/auth.service';\r\n\r\n@Component({\r\n  selector: 'app-root',\r\n  templateUrl: './app.component.html',\r\n  styleUrls: ['./app.component.scss']\r\n})\r\n\r\nexport class AppComponent {\r\n\r\n  title = 'front';\r\n\r\n\r\n\r\n\r\n  constructor(private authService: AuthService){}\r\n\r\n\r\n  \r\n  get isAuthenticated():boolean{\r\n    return this.authService.isAuthenticated();\r\n  }\r\n}\r\n",
        "<app-header *ngIf=\"isAuthenticated\"></app-header>\r\n<router-outlet></router-outlet>"
      ]
    },
    "_coverageSchema": "1a1c01bbd47fc00a2c39e90264f33305004495a9",
    "hash": "768fd697d9171b4e218b8cfe6321b724201af98d"
  },
  "C:\\Users\\PC\\eclipse-workspace\\OpenClassrooms\\Developpez-une-application-full-stack-complete\\front\\src\\app\\core\\interceptors\\jwt.interceptor.ts": {
    "path": "C:\\Users\\PC\\eclipse-workspace\\OpenClassrooms\\Developpez-une-application-full-stack-complete\\front\\src\\app\\core\\interceptors\\jwt.interceptor.ts",
    "statementMap": {
      "0": {
        "start": {
          "line": 6,
          "column": 8
        },
        "end": {
          "line": 6,
          "column": 39
        }
      },
      "1": {
        "start": {
          "line": 9,
          "column": 22
        },
        "end": {
          "line": 9,
          "column": 49
        }
      },
      "2": {
        "start": {
          "line": 10,
          "column": 8
        },
        "end": {
          "line": 16,
          "column": 9
        }
      },
      "3": {
        "start": {
          "line": 11,
          "column": 12
        },
        "end": {
          "line": 15,
          "column": 15
        }
      },
      "4": {
        "start": {
          "line": 17,
          "column": 8
        },
        "end": {
          "line": 17,
          "column": 36
        }
      },
      "5": {
        "start": {
          "line": 20,
          "column": 0
        },
        "end": {
          "line": 20,
          "column": 124
        }
      },
      "6": {
        "start": {
          "line": 20,
          "column": 59
        },
        "end": {
          "line": 20,
          "column": 121
        }
      },
      "7": {
        "start": {
          "line": 21,
          "column": 0
        },
        "end": {
          "line": 21,
          "column": 116
        }
      }
    },
    "fnMap": {
      "0": {
        "name": "(anonymous_0)",
        "decl": {
          "start": {
            "line": 5,
            "column": 4
          },
          "end": {
            "line": 5,
            "column": 5
          }
        },
        "loc": {
          "start": {
            "line": 5,
            "column": 29
          },
          "end": {
            "line": 7,
            "column": 5
          }
        },
        "line": 5
      },
      "1": {
        "name": "(anonymous_1)",
        "decl": {
          "start": {
            "line": 8,
            "column": 4
          },
          "end": {
            "line": 8,
            "column": 5
          }
        },
        "loc": {
          "start": {
            "line": 8,
            "column": 29
          },
          "end": {
            "line": 18,
            "column": 5
          }
        },
        "line": 8
      },
      "2": {
        "name": "JwtInterceptor_Factory",
        "decl": {
          "start": {
            "line": 20,
            "column": 31
          },
          "end": {
            "line": 20,
            "column": 53
          }
        },
        "loc": {
          "start": {
            "line": 20,
            "column": 57
          },
          "end": {
            "line": 20,
            "column": 123
          }
        },
        "line": 20
      }
    },
    "branchMap": {
      "0": {
        "loc": {
          "start": {
            "line": 10,
            "column": 8
          },
          "end": {
            "line": 16,
            "column": 9
          }
        },
        "type": "if",
        "locations": [
          {
            "start": {
              "line": 10,
              "column": 8
            },
            "end": {
              "line": 16,
              "column": 9
            }
          },
          {
            "start": {},
            "end": {}
          }
        ],
        "line": 10
      },
      "1": {
        "loc": {
          "start": {
            "line": 20,
            "column": 71
          },
          "end": {
            "line": 20,
            "column": 90
          }
        },
        "type": "binary-expr",
        "locations": [
          {
            "start": {
              "line": 20,
              "column": 71
            },
            "end": {
              "line": 20,
              "column": 72
            }
          },
          {
            "start": {
              "line": 20,
              "column": 76
            },
            "end": {
              "line": 20,
              "column": 90
            }
          }
        ],
        "line": 20
      }
    },
    "s": {
      "0": 53,
      "1": 163,
      "2": 163,
      "3": 119,
      "4": 163,
      "5": 61,
      "6": 53,
      "7": 61
    },
    "f": {
      "0": 53,
      "1": 163,
      "2": 53
    },
    "b": {
      "0": [
        119,
        44
      ],
      "1": [
        53,
        53
      ]
    },
    "inputSourceMap": {
      "version": 3,
      "file": "jwt.interceptor.js",
      "sourceRoot": "",
      "sources": [
        "C:\\Users\\PC\\eclipse-workspace\\OpenClassrooms\\Developpez-une-application-full-stack-complete\\front\\src\\app\\core\\interceptors\\jwt.interceptor.ts"
      ],
      "names": [],
      "mappings": "AACA,OAAO,EAAmB,WAAW,EAAE,WAAW,EAAE,SAAS,EAAE,MAAM,sBAAsB,CAAC;;;AAK5F,MAAM,OAAO,cAAc;IAIzB,YAAoB,WAAwB;QAAxB,gBAAW,GAAX,WAAW,CAAa;IAAG,CAAC;IAIhD,SAAS,CAAC,OAAyB,EAAE,IAAiB;QACpD,MAAM,KAAK,GAAG,IAAI,CAAC,WAAW,CAAC,QAAQ,EAAE,CAAC;QAE1C,IAAI,KAAK,EAAE;YACT,OAAO,GAAG,OAAO,CAAC,KAAK,CAAC;gBACtB,UAAU,EAAE;oBACV,aAAa,EAAE,UAAU,KAAK,EAAE;iBACjC;aACF,CAAC,CAAC;SACJ;QAED,OAAO,IAAI,CAAC,MAAM,CAAC,OAAO,CAAC,CAAC;IAC9B,CAAC;;4EApBU,cAAc;oEAAd,cAAc,WAAd,cAAc",
      "sourcesContent": [
        "import { Injectable } from '@angular/core';\r\nimport { HttpInterceptor, HttpRequest, HttpHandler, HttpEvent } from '@angular/common/http';\r\nimport { Observable } from 'rxjs';\r\nimport { AuthService } from '../services/auth.service';\r\n\r\n@Injectable()\r\nexport class JwtInterceptor implements HttpInterceptor {\r\n\r\n\r\n\r\n  constructor(private authService: AuthService) {}\r\n\r\n\r\n  \r\n  intercept(request: HttpRequest<any>, next: HttpHandler): Observable<HttpEvent<any>> {\r\n    const token = this.authService.getToken();\r\n\r\n    if (token) {\r\n      request = request.clone({\r\n        setHeaders: {\r\n          Authorization: `Bearer ${token}`\r\n        }\r\n      });\r\n    }\r\n\r\n    return next.handle(request);\r\n  }\r\n}"
      ]
    },
    "_coverageSchema": "1a1c01bbd47fc00a2c39e90264f33305004495a9",
    "hash": "f3a43d8a32d53fcdda040723c2b02cccb65a4fc5"
  },
  "C:/Users/PC/eclipse-workspace/OpenClassrooms/Developpez-une-application-full-stack-complete/front/src/app/shared/models/auth.model.ts": {
    "path": "C:/Users/PC/eclipse-workspace/OpenClassrooms/Developpez-une-application-full-stack-complete/front/src/app/shared/models/auth.model.ts",
    "statementMap": {},
    "fnMap": {},
    "branchMap": {},
    "s": {},
    "f": {},
    "b": {}
  },
  "C:/Users/PC/eclipse-workspace/OpenClassrooms/Developpez-une-application-full-stack-complete/front/src/app/shared/models/comment.model.ts": {
    "path": "C:/Users/PC/eclipse-workspace/OpenClassrooms/Developpez-une-application-full-stack-complete/front/src/app/shared/models/comment.model.ts",
    "statementMap": {},
    "fnMap": {},
    "branchMap": {},
    "s": {},
    "f": {},
    "b": {}
  },
  "C:/Users/PC/eclipse-workspace/OpenClassrooms/Developpez-une-application-full-stack-complete/front/src/app/shared/models/topic.model.ts": {
    "path": "C:/Users/PC/eclipse-workspace/OpenClassrooms/Developpez-une-application-full-stack-complete/front/src/app/shared/models/topic.model.ts",
    "statementMap": {},
    "fnMap": {},
    "branchMap": {},
    "s": {},
    "f": {},
    "b": {}
  },
  "C:/Users/PC/eclipse-workspace/OpenClassrooms/Developpez-une-application-full-stack-complete/front/src/app/shared/models/user.model.ts": {
    "path": "C:/Users/PC/eclipse-workspace/OpenClassrooms/Developpez-une-application-full-stack-complete/front/src/app/shared/models/user.model.ts",
    "statementMap": {},
    "fnMap": {},
    "branchMap": {},
    "s": {},
    "f": {},
    "b": {}
  },
  "C:/Users/PC/eclipse-workspace/OpenClassrooms/Developpez-une-application-full-stack-complete/front/src/app/utils/constants.ts": {
    "path": "C:/Users/PC/eclipse-workspace/OpenClassrooms/Developpez-une-application-full-stack-complete/front/src/app/utils/constants.ts",
    "statementMap": {},
    "fnMap": {},
    "branchMap": {},
    "s": {},
    "f": {},
    "b": {}
  },
  "C:/Users/PC/eclipse-workspace/OpenClassrooms/Developpez-une-application-full-stack-complete/front/src/app/utils/validators.ts": {
    "path": "C:/Users/PC/eclipse-workspace/OpenClassrooms/Developpez-une-application-full-stack-complete/front/src/app/utils/validators.ts",
    "statementMap": {},
    "fnMap": {},
    "branchMap": {},
    "s": {},
    "f": {},
    "b": {}
  }
}
